The system is: Linux - 5.6.3-arch1-1 - x86_64
Compiling the C compiler identification source file "CMakeCCompilerId.c" succeeded.
Compiler: /usr/bin/cc 
Build flags: ;-ffunction-sections;-fdata-sections;-fPIC;-m64
Id flags:  

The output was:
0


Compilation of the C compiler identification source "CMakeCCompilerId.c" produced "a.out"

The C compiler identification is GNU, found in "/media/sf_files/Dal/Code/rnmrfit_dev/src/rnmrfit/target/release/build/nlopt-8949c50758ecf046/out/build/CMakeFiles/3.17.1/CompilerIdC/a.out"

Compiling the CXX compiler identification source file "CMakeCXXCompilerId.cpp" succeeded.
Compiler: /usr/bin/c++ 
Build flags: 
Id flags:  

The output was:
0


Compilation of the CXX compiler identification source "CMakeCXXCompilerId.cpp" produced "a.out"

The CXX compiler identification is GNU, found in "/media/sf_files/Dal/Code/rnmrfit_dev/src/rnmrfit/target/release/build/nlopt-8949c50758ecf046/out/build/CMakeFiles/3.17.1/CompilerIdCXX/a.out"

Determining if the C compiler works passed with the following output:
Change Dir: /media/sf_files/Dal/Code/rnmrfit_dev/src/rnmrfit/target/release/build/nlopt-8949c50758ecf046/out/build/CMakeFiles/CMakeTmp

Run Build Command(s):/usr/bin/make cmTC_7b481/fast && make[1]: Entering directory '/media/sf_files/Dal/Code/rnmrfit_dev/src/rnmrfit/target/release/build/nlopt-8949c50758ecf046/out/build/CMakeFiles/CMakeTmp'
make  -f CMakeFiles/cmTC_7b481.dir/build.make CMakeFiles/cmTC_7b481.dir/build
make[2]: Entering directory '/media/sf_files/Dal/Code/rnmrfit_dev/src/rnmrfit/target/release/build/nlopt-8949c50758ecf046/out/build/CMakeFiles/CMakeTmp'
Building C object CMakeFiles/cmTC_7b481.dir/testCCompiler.c.o
/usr/bin/cc   -ffunction-sections -fdata-sections -fPIC -m64    -o CMakeFiles/cmTC_7b481.dir/testCCompiler.c.o   -c /media/sf_files/Dal/Code/rnmrfit_dev/src/rnmrfit/target/release/build/nlopt-8949c50758ecf046/out/build/CMakeFiles/CMakeTmp/testCCompiler.c
Linking C executable cmTC_7b481
/usr/bin/cmake -E cmake_link_script CMakeFiles/cmTC_7b481.dir/link.txt --verbose=1
/usr/bin/cc  -ffunction-sections -fdata-sections -fPIC -m64     -rdynamic CMakeFiles/cmTC_7b481.dir/testCCompiler.c.o  -o cmTC_7b481 
make[2]: Leaving directory '/media/sf_files/Dal/Code/rnmrfit_dev/src/rnmrfit/target/release/build/nlopt-8949c50758ecf046/out/build/CMakeFiles/CMakeTmp'
make[1]: Leaving directory '/media/sf_files/Dal/Code/rnmrfit_dev/src/rnmrfit/target/release/build/nlopt-8949c50758ecf046/out/build/CMakeFiles/CMakeTmp'



Detecting C compiler ABI info compiled with the following output:
Change Dir: /media/sf_files/Dal/Code/rnmrfit_dev/src/rnmrfit/target/release/build/nlopt-8949c50758ecf046/out/build/CMakeFiles/CMakeTmp

Run Build Command(s):/usr/bin/make cmTC_a7dfa/fast && make[1]: Entering directory '/media/sf_files/Dal/Code/rnmrfit_dev/src/rnmrfit/target/release/build/nlopt-8949c50758ecf046/out/build/CMakeFiles/CMakeTmp'
make  -f CMakeFiles/cmTC_a7dfa.dir/build.make CMakeFiles/cmTC_a7dfa.dir/build
make[2]: Entering directory '/media/sf_files/Dal/Code/rnmrfit_dev/src/rnmrfit/target/release/build/nlopt-8949c50758ecf046/out/build/CMakeFiles/CMakeTmp'
Building C object CMakeFiles/cmTC_a7dfa.dir/CMakeCCompilerABI.c.o
/usr/bin/cc   -ffunction-sections -fdata-sections -fPIC -m64    -v -o CMakeFiles/cmTC_a7dfa.dir/CMakeCCompilerABI.c.o   -c /usr/share/cmake-3.17/Modules/CMakeCCompilerABI.c
Using built-in specs.
COLLECT_GCC=/usr/bin/cc
Target: x86_64-pc-linux-gnu
Configured with: /build/gcc/src/gcc/configure --prefix=/usr --libdir=/usr/lib --libexecdir=/usr/lib --mandir=/usr/share/man --infodir=/usr/share/info --with-pkgversion='Arch Linux 9.3.0-1' --with-bugurl=https://bugs.archlinux.org/ --enable-languages=c,c++,ada,fortran,go,lto,objc,obj-c++,d --enable-shared --enable-threads=posix --with-system-zlib --with-isl --enable-__cxa_atexit --disable-libunwind-exceptions --enable-clocale=gnu --disable-libstdcxx-pch --disable-libssp --enable-gnu-unique-object --enable-linker-build-id --enable-lto --enable-plugin --enable-install-libiberty --with-linker-hash-style=gnu --enable-gnu-indirect-function --enable-multilib --disable-werror --enable-checking=release --enable-default-pie --enable-default-ssp --enable-cet=auto gdc_include_dir=/usr/include/dlang/gdc
Thread model: posix
gcc version 9.3.0 (Arch Linux 9.3.0-1) 
COLLECT_GCC_OPTIONS='-ffunction-sections' '-fdata-sections' '-fPIC' '-m64' '-v' '-o' 'CMakeFiles/cmTC_a7dfa.dir/CMakeCCompilerABI.c.o' '-c' '-mtune=generic' '-march=x86-64'
 /usr/lib/gcc/x86_64-pc-linux-gnu/9.3.0/cc1 -quiet -v /usr/share/cmake-3.17/Modules/CMakeCCompilerABI.c -quiet -dumpbase CMakeCCompilerABI.c -m64 -mtune=generic -march=x86-64 -auxbase-strip CMakeFiles/cmTC_a7dfa.dir/CMakeCCompilerABI.c.o -version -ffunction-sections -fdata-sections -fPIC -o /tmp/cc4QZU8G.s
GNU C17 (Arch Linux 9.3.0-1) version 9.3.0 (x86_64-pc-linux-gnu)
	compiled by GNU C version 9.3.0, GMP version 6.2.0, MPFR version 4.0.2, MPC version 1.1.0, isl version isl-0.21-GMP

GGC heuristics: --param ggc-min-expand=100 --param ggc-min-heapsize=131072
ignoring nonexistent directory "/usr/lib/gcc/x86_64-pc-linux-gnu/9.3.0/../../../../x86_64-pc-linux-gnu/include"
#include "..." search starts here:
#include <...> search starts here:
 /usr/lib/gcc/x86_64-pc-linux-gnu/9.3.0/include
 /usr/local/include
 /usr/lib/gcc/x86_64-pc-linux-gnu/9.3.0/include-fixed
 /usr/include
End of search list.
GNU C17 (Arch Linux 9.3.0-1) version 9.3.0 (x86_64-pc-linux-gnu)
	compiled by GNU C version 9.3.0, GMP version 6.2.0, MPFR version 4.0.2, MPC version 1.1.0, isl version isl-0.21-GMP

GGC heuristics: --param ggc-min-expand=100 --param ggc-min-heapsize=131072
Compiler executable checksum: 692ee564c92e51fae6616097075dc3ce
COLLECT_GCC_OPTIONS='-ffunction-sections' '-fdata-sections' '-fPIC' '-m64' '-v' '-o' 'CMakeFiles/cmTC_a7dfa.dir/CMakeCCompilerABI.c.o' '-c' '-mtune=generic' '-march=x86-64'
 as -v --64 -o CMakeFiles/cmTC_a7dfa.dir/CMakeCCompilerABI.c.o /tmp/cc4QZU8G.s
GNU assembler version 2.34 (x86_64-pc-linux-gnu) using BFD version (GNU Binutils) 2.34
COMPILER_PATH=/usr/lib/gcc/x86_64-pc-linux-gnu/9.3.0/:/usr/lib/gcc/x86_64-pc-linux-gnu/9.3.0/:/usr/lib/gcc/x86_64-pc-linux-gnu/:/usr/lib/gcc/x86_64-pc-linux-gnu/9.3.0/:/usr/lib/gcc/x86_64-pc-linux-gnu/
LIBRARY_PATH=/usr/lib/gcc/x86_64-pc-linux-gnu/9.3.0/:/usr/lib/gcc/x86_64-pc-linux-gnu/9.3.0/../../../../lib/:/lib/../lib/:/usr/lib/../lib/:/usr/lib/gcc/x86_64-pc-linux-gnu/9.3.0/../../../:/lib/:/usr/lib/
COLLECT_GCC_OPTIONS='-ffunction-sections' '-fdata-sections' '-fPIC' '-m64' '-v' '-o' 'CMakeFiles/cmTC_a7dfa.dir/CMakeCCompilerABI.c.o' '-c' '-mtune=generic' '-march=x86-64'
Linking C executable cmTC_a7dfa
/usr/bin/cmake -E cmake_link_script CMakeFiles/cmTC_a7dfa.dir/link.txt --verbose=1
/usr/bin/cc  -ffunction-sections -fdata-sections -fPIC -m64    -v -rdynamic CMakeFiles/cmTC_a7dfa.dir/CMakeCCompilerABI.c.o  -o cmTC_a7dfa 
Using built-in specs.
COLLECT_GCC=/usr/bin/cc
COLLECT_LTO_WRAPPER=/usr/lib/gcc/x86_64-pc-linux-gnu/9.3.0/lto-wrapper
Target: x86_64-pc-linux-gnu
Configured with: /build/gcc/src/gcc/configure --prefix=/usr --libdir=/usr/lib --libexecdir=/usr/lib --mandir=/usr/share/man --infodir=/usr/share/info --with-pkgversion='Arch Linux 9.3.0-1' --with-bugurl=https://bugs.archlinux.org/ --enable-languages=c,c++,ada,fortran,go,lto,objc,obj-c++,d --enable-shared --enable-threads=posix --with-system-zlib --with-isl --enable-__cxa_atexit --disable-libunwind-exceptions --enable-clocale=gnu --disable-libstdcxx-pch --disable-libssp --enable-gnu-unique-object --enable-linker-build-id --enable-lto --enable-plugin --enable-install-libiberty --with-linker-hash-style=gnu --enable-gnu-indirect-function --enable-multilib --disable-werror --enable-checking=release --enable-default-pie --enable-default-ssp --enable-cet=auto gdc_include_dir=/usr/include/dlang/gdc
Thread model: posix
gcc version 9.3.0 (Arch Linux 9.3.0-1) 
COMPILER_PATH=/usr/lib/gcc/x86_64-pc-linux-gnu/9.3.0/:/usr/lib/gcc/x86_64-pc-linux-gnu/9.3.0/:/usr/lib/gcc/x86_64-pc-linux-gnu/:/usr/lib/gcc/x86_64-pc-linux-gnu/9.3.0/:/usr/lib/gcc/x86_64-pc-linux-gnu/
LIBRARY_PATH=/usr/lib/gcc/x86_64-pc-linux-gnu/9.3.0/:/usr/lib/gcc/x86_64-pc-linux-gnu/9.3.0/../../../../lib/:/lib/../lib/:/usr/lib/../lib/:/usr/lib/gcc/x86_64-pc-linux-gnu/9.3.0/../../../:/lib/:/usr/lib/
COLLECT_GCC_OPTIONS='-ffunction-sections' '-fdata-sections' '-fPIC' '-m64' '-v' '-rdynamic' '-o' 'cmTC_a7dfa' '-mtune=generic' '-march=x86-64'
 /usr/lib/gcc/x86_64-pc-linux-gnu/9.3.0/collect2 -plugin /usr/lib/gcc/x86_64-pc-linux-gnu/9.3.0/liblto_plugin.so -plugin-opt=/usr/lib/gcc/x86_64-pc-linux-gnu/9.3.0/lto-wrapper -plugin-opt=-fresolution=/tmp/ccHHmzR5.res -plugin-opt=-pass-through=-lgcc -plugin-opt=-pass-through=-lgcc_s -plugin-opt=-pass-through=-lc -plugin-opt=-pass-through=-lgcc -plugin-opt=-pass-through=-lgcc_s --build-id --eh-frame-hdr --hash-style=gnu -m elf_x86_64 -export-dynamic -dynamic-linker /lib64/ld-linux-x86-64.so.2 -pie -o cmTC_a7dfa /usr/lib/gcc/x86_64-pc-linux-gnu/9.3.0/../../../../lib/Scrt1.o /usr/lib/gcc/x86_64-pc-linux-gnu/9.3.0/../../../../lib/crti.o /usr/lib/gcc/x86_64-pc-linux-gnu/9.3.0/crtbeginS.o -L/usr/lib/gcc/x86_64-pc-linux-gnu/9.3.0 -L/usr/lib/gcc/x86_64-pc-linux-gnu/9.3.0/../../../../lib -L/lib/../lib -L/usr/lib/../lib -L/usr/lib/gcc/x86_64-pc-linux-gnu/9.3.0/../../.. CMakeFiles/cmTC_a7dfa.dir/CMakeCCompilerABI.c.o -lgcc --push-state --as-needed -lgcc_s --pop-state -lc -lgcc --push-state --as-needed -lgcc_s --pop-state /usr/lib/gcc/x86_64-pc-linux-gnu/9.3.0/crtendS.o /usr/lib/gcc/x86_64-pc-linux-gnu/9.3.0/../../../../lib/crtn.o
COLLECT_GCC_OPTIONS='-ffunction-sections' '-fdata-sections' '-fPIC' '-m64' '-v' '-rdynamic' '-o' 'cmTC_a7dfa' '-mtune=generic' '-march=x86-64'
make[2]: Leaving directory '/media/sf_files/Dal/Code/rnmrfit_dev/src/rnmrfit/target/release/build/nlopt-8949c50758ecf046/out/build/CMakeFiles/CMakeTmp'
make[1]: Leaving directory '/media/sf_files/Dal/Code/rnmrfit_dev/src/rnmrfit/target/release/build/nlopt-8949c50758ecf046/out/build/CMakeFiles/CMakeTmp'



Parsed C implicit include dir info from above output: rv=done
  found start of include info
  found start of implicit include info
    add: [/usr/lib/gcc/x86_64-pc-linux-gnu/9.3.0/include]
    add: [/usr/local/include]
    add: [/usr/lib/gcc/x86_64-pc-linux-gnu/9.3.0/include-fixed]
    add: [/usr/include]
  end of search list found
  collapse include dir [/usr/lib/gcc/x86_64-pc-linux-gnu/9.3.0/include] ==> [/usr/lib/gcc/x86_64-pc-linux-gnu/9.3.0/include]
  collapse include dir [/usr/local/include] ==> [/usr/local/include]
  collapse include dir [/usr/lib/gcc/x86_64-pc-linux-gnu/9.3.0/include-fixed] ==> [/usr/lib/gcc/x86_64-pc-linux-gnu/9.3.0/include-fixed]
  collapse include dir [/usr/include] ==> [/usr/include]
  implicit include dirs: [/usr/lib/gcc/x86_64-pc-linux-gnu/9.3.0/include;/usr/local/include;/usr/lib/gcc/x86_64-pc-linux-gnu/9.3.0/include-fixed;/usr/include]


Parsed C implicit link information from above output:
  link line regex: [^( *|.*[/\])(ld|CMAKE_LINK_STARTFILE-NOTFOUND|([^/\]+-)?ld|collect2)[^/\]*( |$)]
  ignore line: [Change Dir: /media/sf_files/Dal/Code/rnmrfit_dev/src/rnmrfit/target/release/build/nlopt-8949c50758ecf046/out/build/CMakeFiles/CMakeTmp]
  ignore line: []
  ignore line: [Run Build Command(s):/usr/bin/make cmTC_a7dfa/fast && make[1]: Entering directory '/media/sf_files/Dal/Code/rnmrfit_dev/src/rnmrfit/target/release/build/nlopt-8949c50758ecf046/out/build/CMakeFiles/CMakeTmp']
  ignore line: [make  -f CMakeFiles/cmTC_a7dfa.dir/build.make CMakeFiles/cmTC_a7dfa.dir/build]
  ignore line: [make[2]: Entering directory '/media/sf_files/Dal/Code/rnmrfit_dev/src/rnmrfit/target/release/build/nlopt-8949c50758ecf046/out/build/CMakeFiles/CMakeTmp']
  ignore line: [Building C object CMakeFiles/cmTC_a7dfa.dir/CMakeCCompilerABI.c.o]
  ignore line: [/usr/bin/cc   -ffunction-sections -fdata-sections -fPIC -m64    -v -o CMakeFiles/cmTC_a7dfa.dir/CMakeCCompilerABI.c.o   -c /usr/share/cmake-3.17/Modules/CMakeCCompilerABI.c]
  ignore line: [Using built-in specs.]
  ignore line: [COLLECT_GCC=/usr/bin/cc]
  ignore line: [Target: x86_64-pc-linux-gnu]
  ignore line: [Configured with: /build/gcc/src/gcc/configure --prefix=/usr --libdir=/usr/lib --libexecdir=/usr/lib --mandir=/usr/share/man --infodir=/usr/share/info --with-pkgversion='Arch Linux 9.3.0-1' --with-bugurl=https://bugs.archlinux.org/ --enable-languages=c c++ ada fortran go lto objc obj-c++ d --enable-shared --enable-threads=posix --with-system-zlib --with-isl --enable-__cxa_atexit --disable-libunwind-exceptions --enable-clocale=gnu --disable-libstdcxx-pch --disable-libssp --enable-gnu-unique-object --enable-linker-build-id --enable-lto --enable-plugin --enable-install-libiberty --with-linker-hash-style=gnu --enable-gnu-indirect-function --enable-multilib --disable-werror --enable-checking=release --enable-default-pie --enable-default-ssp --enable-cet=auto gdc_include_dir=/usr/include/dlang/gdc]
  ignore line: [Thread model: posix]
  ignore line: [gcc version 9.3.0 (Arch Linux 9.3.0-1) ]
  ignore line: [COLLECT_GCC_OPTIONS='-ffunction-sections' '-fdata-sections' '-fPIC' '-m64' '-v' '-o' 'CMakeFiles/cmTC_a7dfa.dir/CMakeCCompilerABI.c.o' '-c' '-mtune=generic' '-march=x86-64']
  ignore line: [ /usr/lib/gcc/x86_64-pc-linux-gnu/9.3.0/cc1 -quiet -v /usr/share/cmake-3.17/Modules/CMakeCCompilerABI.c -quiet -dumpbase CMakeCCompilerABI.c -m64 -mtune=generic -march=x86-64 -auxbase-strip CMakeFiles/cmTC_a7dfa.dir/CMakeCCompilerABI.c.o -version -ffunction-sections -fdata-sections -fPIC -o /tmp/cc4QZU8G.s]
  ignore line: [GNU C17 (Arch Linux 9.3.0-1) version 9.3.0 (x86_64-pc-linux-gnu)]
  ignore line: [	compiled by GNU C version 9.3.0  GMP version 6.2.0  MPFR version 4.0.2  MPC version 1.1.0  isl version isl-0.21-GMP]
  ignore line: []
  ignore line: [GGC heuristics: --param ggc-min-expand=100 --param ggc-min-heapsize=131072]
  ignore line: [ignoring nonexistent directory "/usr/lib/gcc/x86_64-pc-linux-gnu/9.3.0/../../../../x86_64-pc-linux-gnu/include"]
  ignore line: [#include "..." search starts here:]
  ignore line: [#include <...> search starts here:]
  ignore line: [ /usr/lib/gcc/x86_64-pc-linux-gnu/9.3.0/include]
  ignore line: [ /usr/local/include]
  ignore line: [ /usr/lib/gcc/x86_64-pc-linux-gnu/9.3.0/include-fixed]
  ignore line: [ /usr/include]
  ignore line: [End of search list.]
  ignore line: [GNU C17 (Arch Linux 9.3.0-1) version 9.3.0 (x86_64-pc-linux-gnu)]
  ignore line: [	compiled by GNU C version 9.3.0  GMP version 6.2.0  MPFR version 4.0.2  MPC version 1.1.0  isl version isl-0.21-GMP]
  ignore line: []
  ignore line: [GGC heuristics: --param ggc-min-expand=100 --param ggc-min-heapsize=131072]
  ignore line: [Compiler executable checksum: 692ee564c92e51fae6616097075dc3ce]
  ignore line: [COLLECT_GCC_OPTIONS='-ffunction-sections' '-fdata-sections' '-fPIC' '-m64' '-v' '-o' 'CMakeFiles/cmTC_a7dfa.dir/CMakeCCompilerABI.c.o' '-c' '-mtune=generic' '-march=x86-64']
  ignore line: [ as -v --64 -o CMakeFiles/cmTC_a7dfa.dir/CMakeCCompilerABI.c.o /tmp/cc4QZU8G.s]
  ignore line: [GNU assembler version 2.34 (x86_64-pc-linux-gnu) using BFD version (GNU Binutils) 2.34]
  ignore line: [COMPILER_PATH=/usr/lib/gcc/x86_64-pc-linux-gnu/9.3.0/:/usr/lib/gcc/x86_64-pc-linux-gnu/9.3.0/:/usr/lib/gcc/x86_64-pc-linux-gnu/:/usr/lib/gcc/x86_64-pc-linux-gnu/9.3.0/:/usr/lib/gcc/x86_64-pc-linux-gnu/]
  ignore line: [LIBRARY_PATH=/usr/lib/gcc/x86_64-pc-linux-gnu/9.3.0/:/usr/lib/gcc/x86_64-pc-linux-gnu/9.3.0/../../../../lib/:/lib/../lib/:/usr/lib/../lib/:/usr/lib/gcc/x86_64-pc-linux-gnu/9.3.0/../../../:/lib/:/usr/lib/]
  ignore line: [COLLECT_GCC_OPTIONS='-ffunction-sections' '-fdata-sections' '-fPIC' '-m64' '-v' '-o' 'CMakeFiles/cmTC_a7dfa.dir/CMakeCCompilerABI.c.o' '-c' '-mtune=generic' '-march=x86-64']
  ignore line: [Linking C executable cmTC_a7dfa]
  ignore line: [/usr/bin/cmake -E cmake_link_script CMakeFiles/cmTC_a7dfa.dir/link.txt --verbose=1]
  ignore line: [/usr/bin/cc  -ffunction-sections -fdata-sections -fPIC -m64    -v -rdynamic CMakeFiles/cmTC_a7dfa.dir/CMakeCCompilerABI.c.o  -o cmTC_a7dfa ]
  ignore line: [Using built-in specs.]
  ignore line: [COLLECT_GCC=/usr/bin/cc]
  ignore line: [COLLECT_LTO_WRAPPER=/usr/lib/gcc/x86_64-pc-linux-gnu/9.3.0/lto-wrapper]
  ignore line: [Target: x86_64-pc-linux-gnu]
  ignore line: [Configured with: /build/gcc/src/gcc/configure --prefix=/usr --libdir=/usr/lib --libexecdir=/usr/lib --mandir=/usr/share/man --infodir=/usr/share/info --with-pkgversion='Arch Linux 9.3.0-1' --with-bugurl=https://bugs.archlinux.org/ --enable-languages=c c++ ada fortran go lto objc obj-c++ d --enable-shared --enable-threads=posix --with-system-zlib --with-isl --enable-__cxa_atexit --disable-libunwind-exceptions --enable-clocale=gnu --disable-libstdcxx-pch --disable-libssp --enable-gnu-unique-object --enable-linker-build-id --enable-lto --enable-plugin --enable-install-libiberty --with-linker-hash-style=gnu --enable-gnu-indirect-function --enable-multilib --disable-werror --enable-checking=release --enable-default-pie --enable-default-ssp --enable-cet=auto gdc_include_dir=/usr/include/dlang/gdc]
  ignore line: [Thread model: posix]
  ignore line: [gcc version 9.3.0 (Arch Linux 9.3.0-1) ]
  ignore line: [COMPILER_PATH=/usr/lib/gcc/x86_64-pc-linux-gnu/9.3.0/:/usr/lib/gcc/x86_64-pc-linux-gnu/9.3.0/:/usr/lib/gcc/x86_64-pc-linux-gnu/:/usr/lib/gcc/x86_64-pc-linux-gnu/9.3.0/:/usr/lib/gcc/x86_64-pc-linux-gnu/]
  ignore line: [LIBRARY_PATH=/usr/lib/gcc/x86_64-pc-linux-gnu/9.3.0/:/usr/lib/gcc/x86_64-pc-linux-gnu/9.3.0/../../../../lib/:/lib/../lib/:/usr/lib/../lib/:/usr/lib/gcc/x86_64-pc-linux-gnu/9.3.0/../../../:/lib/:/usr/lib/]
  ignore line: [COLLECT_GCC_OPTIONS='-ffunction-sections' '-fdata-sections' '-fPIC' '-m64' '-v' '-rdynamic' '-o' 'cmTC_a7dfa' '-mtune=generic' '-march=x86-64']
  link line: [ /usr/lib/gcc/x86_64-pc-linux-gnu/9.3.0/collect2 -plugin /usr/lib/gcc/x86_64-pc-linux-gnu/9.3.0/liblto_plugin.so -plugin-opt=/usr/lib/gcc/x86_64-pc-linux-gnu/9.3.0/lto-wrapper -plugin-opt=-fresolution=/tmp/ccHHmzR5.res -plugin-opt=-pass-through=-lgcc -plugin-opt=-pass-through=-lgcc_s -plugin-opt=-pass-through=-lc -plugin-opt=-pass-through=-lgcc -plugin-opt=-pass-through=-lgcc_s --build-id --eh-frame-hdr --hash-style=gnu -m elf_x86_64 -export-dynamic -dynamic-linker /lib64/ld-linux-x86-64.so.2 -pie -o cmTC_a7dfa /usr/lib/gcc/x86_64-pc-linux-gnu/9.3.0/../../../../lib/Scrt1.o /usr/lib/gcc/x86_64-pc-linux-gnu/9.3.0/../../../../lib/crti.o /usr/lib/gcc/x86_64-pc-linux-gnu/9.3.0/crtbeginS.o -L/usr/lib/gcc/x86_64-pc-linux-gnu/9.3.0 -L/usr/lib/gcc/x86_64-pc-linux-gnu/9.3.0/../../../../lib -L/lib/../lib -L/usr/lib/../lib -L/usr/lib/gcc/x86_64-pc-linux-gnu/9.3.0/../../.. CMakeFiles/cmTC_a7dfa.dir/CMakeCCompilerABI.c.o -lgcc --push-state --as-needed -lgcc_s --pop-state -lc -lgcc --push-state --as-needed -lgcc_s --pop-state /usr/lib/gcc/x86_64-pc-linux-gnu/9.3.0/crtendS.o /usr/lib/gcc/x86_64-pc-linux-gnu/9.3.0/../../../../lib/crtn.o]
    arg [/usr/lib/gcc/x86_64-pc-linux-gnu/9.3.0/collect2] ==> ignore
    arg [-plugin] ==> ignore
    arg [/usr/lib/gcc/x86_64-pc-linux-gnu/9.3.0/liblto_plugin.so] ==> ignore
    arg [-plugin-opt=/usr/lib/gcc/x86_64-pc-linux-gnu/9.3.0/lto-wrapper] ==> ignore
    arg [-plugin-opt=-fresolution=/tmp/ccHHmzR5.res] ==> ignore
    arg [-plugin-opt=-pass-through=-lgcc] ==> ignore
    arg [-plugin-opt=-pass-through=-lgcc_s] ==> ignore
    arg [-plugin-opt=-pass-through=-lc] ==> ignore
    arg [-plugin-opt=-pass-through=-lgcc] ==> ignore
    arg [-plugin-opt=-pass-through=-lgcc_s] ==> ignore
    arg [--build-id] ==> ignore
    arg [--eh-frame-hdr] ==> ignore
    arg [--hash-style=gnu] ==> ignore
    arg [-m] ==> ignore
    arg [elf_x86_64] ==> ignore
    arg [-export-dynamic] ==> ignore
    arg [-dynamic-linker] ==> ignore
    arg [/lib64/ld-linux-x86-64.so.2] ==> ignore
    arg [-pie] ==> ignore
    arg [-o] ==> ignore
    arg [cmTC_a7dfa] ==> ignore
    arg [/usr/lib/gcc/x86_64-pc-linux-gnu/9.3.0/../../../../lib/Scrt1.o] ==> ignore
    arg [/usr/lib/gcc/x86_64-pc-linux-gnu/9.3.0/../../../../lib/crti.o] ==> ignore
    arg [/usr/lib/gcc/x86_64-pc-linux-gnu/9.3.0/crtbeginS.o] ==> ignore
    arg [-L/usr/lib/gcc/x86_64-pc-linux-gnu/9.3.0] ==> dir [/usr/lib/gcc/x86_64-pc-linux-gnu/9.3.0]
    arg [-L/usr/lib/gcc/x86_64-pc-linux-gnu/9.3.0/../../../../lib] ==> dir [/usr/lib/gcc/x86_64-pc-linux-gnu/9.3.0/../../../../lib]
    arg [-L/lib/../lib] ==> dir [/lib/../lib]
    arg [-L/usr/lib/../lib] ==> dir [/usr/lib/../lib]
    arg [-L/usr/lib/gcc/x86_64-pc-linux-gnu/9.3.0/../../..] ==> dir [/usr/lib/gcc/x86_64-pc-linux-gnu/9.3.0/../../..]
    arg [CMakeFiles/cmTC_a7dfa.dir/CMakeCCompilerABI.c.o] ==> ignore
    arg [-lgcc] ==> lib [gcc]
    arg [--push-state] ==> ignore
    arg [--as-needed] ==> ignore
    arg [-lgcc_s] ==> lib [gcc_s]
    arg [--pop-state] ==> ignore
    arg [-lc] ==> lib [c]
    arg [-lgcc] ==> lib [gcc]
    arg [--push-state] ==> ignore
    arg [--as-needed] ==> ignore
    arg [-lgcc_s] ==> lib [gcc_s]
    arg [--pop-state] ==> ignore
    arg [/usr/lib/gcc/x86_64-pc-linux-gnu/9.3.0/crtendS.o] ==> ignore
    arg [/usr/lib/gcc/x86_64-pc-linux-gnu/9.3.0/../../../../lib/crtn.o] ==> ignore
  collapse library dir [/usr/lib/gcc/x86_64-pc-linux-gnu/9.3.0] ==> [/usr/lib/gcc/x86_64-pc-linux-gnu/9.3.0]
  collapse library dir [/usr/lib/gcc/x86_64-pc-linux-gnu/9.3.0/../../../../lib] ==> [/usr/lib]
  collapse library dir [/lib/../lib] ==> [/lib]
  collapse library dir [/usr/lib/../lib] ==> [/usr/lib]
  collapse library dir [/usr/lib/gcc/x86_64-pc-linux-gnu/9.3.0/../../..] ==> [/usr/lib]
  implicit libs: [gcc;gcc_s;c;gcc;gcc_s]
  implicit dirs: [/usr/lib/gcc/x86_64-pc-linux-gnu/9.3.0;/usr/lib;/lib]
  implicit fwks: []


Determining if the CXX compiler works passed with the following output:
Change Dir: /media/sf_files/Dal/Code/rnmrfit_dev/src/rnmrfit/target/release/build/nlopt-8949c50758ecf046/out/build/CMakeFiles/CMakeTmp

Run Build Command(s):/usr/bin/make cmTC_63fd3/fast && make[1]: Entering directory '/media/sf_files/Dal/Code/rnmrfit_dev/src/rnmrfit/target/release/build/nlopt-8949c50758ecf046/out/build/CMakeFiles/CMakeTmp'
make  -f CMakeFiles/cmTC_63fd3.dir/build.make CMakeFiles/cmTC_63fd3.dir/build
make[2]: Entering directory '/media/sf_files/Dal/Code/rnmrfit_dev/src/rnmrfit/target/release/build/nlopt-8949c50758ecf046/out/build/CMakeFiles/CMakeTmp'
Building CXX object CMakeFiles/cmTC_63fd3.dir/testCXXCompiler.cxx.o
/usr/bin/c++     -o CMakeFiles/cmTC_63fd3.dir/testCXXCompiler.cxx.o -c /media/sf_files/Dal/Code/rnmrfit_dev/src/rnmrfit/target/release/build/nlopt-8949c50758ecf046/out/build/CMakeFiles/CMakeTmp/testCXXCompiler.cxx
Linking CXX executable cmTC_63fd3
/usr/bin/cmake -E cmake_link_script CMakeFiles/cmTC_63fd3.dir/link.txt --verbose=1
/usr/bin/c++       -rdynamic CMakeFiles/cmTC_63fd3.dir/testCXXCompiler.cxx.o  -o cmTC_63fd3 
make[2]: Leaving directory '/media/sf_files/Dal/Code/rnmrfit_dev/src/rnmrfit/target/release/build/nlopt-8949c50758ecf046/out/build/CMakeFiles/CMakeTmp'
make[1]: Leaving directory '/media/sf_files/Dal/Code/rnmrfit_dev/src/rnmrfit/target/release/build/nlopt-8949c50758ecf046/out/build/CMakeFiles/CMakeTmp'



Detecting CXX compiler ABI info compiled with the following output:
Change Dir: /media/sf_files/Dal/Code/rnmrfit_dev/src/rnmrfit/target/release/build/nlopt-8949c50758ecf046/out/build/CMakeFiles/CMakeTmp

Run Build Command(s):/usr/bin/make cmTC_76e22/fast && make[1]: Entering directory '/media/sf_files/Dal/Code/rnmrfit_dev/src/rnmrfit/target/release/build/nlopt-8949c50758ecf046/out/build/CMakeFiles/CMakeTmp'
make  -f CMakeFiles/cmTC_76e22.dir/build.make CMakeFiles/cmTC_76e22.dir/build
make[2]: Entering directory '/media/sf_files/Dal/Code/rnmrfit_dev/src/rnmrfit/target/release/build/nlopt-8949c50758ecf046/out/build/CMakeFiles/CMakeTmp'
Building CXX object CMakeFiles/cmTC_76e22.dir/CMakeCXXCompilerABI.cpp.o
/usr/bin/c++    -v -o CMakeFiles/cmTC_76e22.dir/CMakeCXXCompilerABI.cpp.o -c /usr/share/cmake-3.17/Modules/CMakeCXXCompilerABI.cpp
Using built-in specs.
COLLECT_GCC=/usr/bin/c++
Target: x86_64-pc-linux-gnu
Configured with: /build/gcc/src/gcc/configure --prefix=/usr --libdir=/usr/lib --libexecdir=/usr/lib --mandir=/usr/share/man --infodir=/usr/share/info --with-pkgversion='Arch Linux 9.3.0-1' --with-bugurl=https://bugs.archlinux.org/ --enable-languages=c,c++,ada,fortran,go,lto,objc,obj-c++,d --enable-shared --enable-threads=posix --with-system-zlib --with-isl --enable-__cxa_atexit --disable-libunwind-exceptions --enable-clocale=gnu --disable-libstdcxx-pch --disable-libssp --enable-gnu-unique-object --enable-linker-build-id --enable-lto --enable-plugin --enable-install-libiberty --with-linker-hash-style=gnu --enable-gnu-indirect-function --enable-multilib --disable-werror --enable-checking=release --enable-default-pie --enable-default-ssp --enable-cet=auto gdc_include_dir=/usr/include/dlang/gdc
Thread model: posix
gcc version 9.3.0 (Arch Linux 9.3.0-1) 
COLLECT_GCC_OPTIONS='-v' '-o' 'CMakeFiles/cmTC_76e22.dir/CMakeCXXCompilerABI.cpp.o' '-c' '-shared-libgcc' '-mtune=generic' '-march=x86-64'
 /usr/lib/gcc/x86_64-pc-linux-gnu/9.3.0/cc1plus -quiet -v -D_GNU_SOURCE /usr/share/cmake-3.17/Modules/CMakeCXXCompilerABI.cpp -quiet -dumpbase CMakeCXXCompilerABI.cpp -mtune=generic -march=x86-64 -auxbase-strip CMakeFiles/cmTC_76e22.dir/CMakeCXXCompilerABI.cpp.o -version -o /tmp/ccKTZzko.s
GNU C++14 (Arch Linux 9.3.0-1) version 9.3.0 (x86_64-pc-linux-gnu)
	compiled by GNU C version 9.3.0, GMP version 6.2.0, MPFR version 4.0.2, MPC version 1.1.0, isl version isl-0.21-GMP

GGC heuristics: --param ggc-min-expand=100 --param ggc-min-heapsize=131072
ignoring nonexistent directory "/usr/lib/gcc/x86_64-pc-linux-gnu/9.3.0/../../../../x86_64-pc-linux-gnu/include"
#include "..." search starts here:
#include <...> search starts here:
 /usr/lib/gcc/x86_64-pc-linux-gnu/9.3.0/../../../../include/c++/9.3.0
 /usr/lib/gcc/x86_64-pc-linux-gnu/9.3.0/../../../../include/c++/9.3.0/x86_64-pc-linux-gnu
 /usr/lib/gcc/x86_64-pc-linux-gnu/9.3.0/../../../../include/c++/9.3.0/backward
 /usr/lib/gcc/x86_64-pc-linux-gnu/9.3.0/include
 /usr/local/include
 /usr/lib/gcc/x86_64-pc-linux-gnu/9.3.0/include-fixed
 /usr/include
End of search list.
GNU C++14 (Arch Linux 9.3.0-1) version 9.3.0 (x86_64-pc-linux-gnu)
	compiled by GNU C version 9.3.0, GMP version 6.2.0, MPFR version 4.0.2, MPC version 1.1.0, isl version isl-0.21-GMP

GGC heuristics: --param ggc-min-expand=100 --param ggc-min-heapsize=131072
Compiler executable checksum: 814040b5981cd30c081565ed9d15a61c
COLLECT_GCC_OPTIONS='-v' '-o' 'CMakeFiles/cmTC_76e22.dir/CMakeCXXCompilerABI.cpp.o' '-c' '-shared-libgcc' '-mtune=generic' '-march=x86-64'
 as -v --64 -o CMakeFiles/cmTC_76e22.dir/CMakeCXXCompilerABI.cpp.o /tmp/ccKTZzko.s
GNU assembler version 2.34 (x86_64-pc-linux-gnu) using BFD version (GNU Binutils) 2.34
COMPILER_PATH=/usr/lib/gcc/x86_64-pc-linux-gnu/9.3.0/:/usr/lib/gcc/x86_64-pc-linux-gnu/9.3.0/:/usr/lib/gcc/x86_64-pc-linux-gnu/:/usr/lib/gcc/x86_64-pc-linux-gnu/9.3.0/:/usr/lib/gcc/x86_64-pc-linux-gnu/
LIBRARY_PATH=/usr/lib/gcc/x86_64-pc-linux-gnu/9.3.0/:/usr/lib/gcc/x86_64-pc-linux-gnu/9.3.0/../../../../lib/:/lib/../lib/:/usr/lib/../lib/:/usr/lib/gcc/x86_64-pc-linux-gnu/9.3.0/../../../:/lib/:/usr/lib/
COLLECT_GCC_OPTIONS='-v' '-o' 'CMakeFiles/cmTC_76e22.dir/CMakeCXXCompilerABI.cpp.o' '-c' '-shared-libgcc' '-mtune=generic' '-march=x86-64'
Linking CXX executable cmTC_76e22
/usr/bin/cmake -E cmake_link_script CMakeFiles/cmTC_76e22.dir/link.txt --verbose=1
/usr/bin/c++      -v -rdynamic CMakeFiles/cmTC_76e22.dir/CMakeCXXCompilerABI.cpp.o  -o cmTC_76e22 
Using built-in specs.
COLLECT_GCC=/usr/bin/c++
COLLECT_LTO_WRAPPER=/usr/lib/gcc/x86_64-pc-linux-gnu/9.3.0/lto-wrapper
Target: x86_64-pc-linux-gnu
Configured with: /build/gcc/src/gcc/configure --prefix=/usr --libdir=/usr/lib --libexecdir=/usr/lib --mandir=/usr/share/man --infodir=/usr/share/info --with-pkgversion='Arch Linux 9.3.0-1' --with-bugurl=https://bugs.archlinux.org/ --enable-languages=c,c++,ada,fortran,go,lto,objc,obj-c++,d --enable-shared --enable-threads=posix --with-system-zlib --with-isl --enable-__cxa_atexit --disable-libunwind-exceptions --enable-clocale=gnu --disable-libstdcxx-pch --disable-libssp --enable-gnu-unique-object --enable-linker-build-id --enable-lto --enable-plugin --enable-install-libiberty --with-linker-hash-style=gnu --enable-gnu-indirect-function --enable-multilib --disable-werror --enable-checking=release --enable-default-pie --enable-default-ssp --enable-cet=auto gdc_include_dir=/usr/include/dlang/gdc
Thread model: posix
gcc version 9.3.0 (Arch Linux 9.3.0-1) 
COMPILER_PATH=/usr/lib/gcc/x86_64-pc-linux-gnu/9.3.0/:/usr/lib/gcc/x86_64-pc-linux-gnu/9.3.0/:/usr/lib/gcc/x86_64-pc-linux-gnu/:/usr/lib/gcc/x86_64-pc-linux-gnu/9.3.0/:/usr/lib/gcc/x86_64-pc-linux-gnu/
LIBRARY_PATH=/usr/lib/gcc/x86_64-pc-linux-gnu/9.3.0/:/usr/lib/gcc/x86_64-pc-linux-gnu/9.3.0/../../../../lib/:/lib/../lib/:/usr/lib/../lib/:/usr/lib/gcc/x86_64-pc-linux-gnu/9.3.0/../../../:/lib/:/usr/lib/
COLLECT_GCC_OPTIONS='-v' '-rdynamic' '-o' 'cmTC_76e22' '-shared-libgcc' '-mtune=generic' '-march=x86-64'
 /usr/lib/gcc/x86_64-pc-linux-gnu/9.3.0/collect2 -plugin /usr/lib/gcc/x86_64-pc-linux-gnu/9.3.0/liblto_plugin.so -plugin-opt=/usr/lib/gcc/x86_64-pc-linux-gnu/9.3.0/lto-wrapper -plugin-opt=-fresolution=/tmp/ccHRwwTI.res -plugin-opt=-pass-through=-lgcc_s -plugin-opt=-pass-through=-lgcc -plugin-opt=-pass-through=-lc -plugin-opt=-pass-through=-lgcc_s -plugin-opt=-pass-through=-lgcc --build-id --eh-frame-hdr --hash-style=gnu -m elf_x86_64 -export-dynamic -dynamic-linker /lib64/ld-linux-x86-64.so.2 -pie -o cmTC_76e22 /usr/lib/gcc/x86_64-pc-linux-gnu/9.3.0/../../../../lib/Scrt1.o /usr/lib/gcc/x86_64-pc-linux-gnu/9.3.0/../../../../lib/crti.o /usr/lib/gcc/x86_64-pc-linux-gnu/9.3.0/crtbeginS.o -L/usr/lib/gcc/x86_64-pc-linux-gnu/9.3.0 -L/usr/lib/gcc/x86_64-pc-linux-gnu/9.3.0/../../../../lib -L/lib/../lib -L/usr/lib/../lib -L/usr/lib/gcc/x86_64-pc-linux-gnu/9.3.0/../../.. CMakeFiles/cmTC_76e22.dir/CMakeCXXCompilerABI.cpp.o -lstdc++ -lm -lgcc_s -lgcc -lc -lgcc_s -lgcc /usr/lib/gcc/x86_64-pc-linux-gnu/9.3.0/crtendS.o /usr/lib/gcc/x86_64-pc-linux-gnu/9.3.0/../../../../lib/crtn.o
COLLECT_GCC_OPTIONS='-v' '-rdynamic' '-o' 'cmTC_76e22' '-shared-libgcc' '-mtune=generic' '-march=x86-64'
make[2]: Leaving directory '/media/sf_files/Dal/Code/rnmrfit_dev/src/rnmrfit/target/release/build/nlopt-8949c50758ecf046/out/build/CMakeFiles/CMakeTmp'
make[1]: Leaving directory '/media/sf_files/Dal/Code/rnmrfit_dev/src/rnmrfit/target/release/build/nlopt-8949c50758ecf046/out/build/CMakeFiles/CMakeTmp'



Parsed CXX implicit include dir info from above output: rv=done
  found start of include info
  found start of implicit include info
    add: [/usr/lib/gcc/x86_64-pc-linux-gnu/9.3.0/../../../../include/c++/9.3.0]
    add: [/usr/lib/gcc/x86_64-pc-linux-gnu/9.3.0/../../../../include/c++/9.3.0/x86_64-pc-linux-gnu]
    add: [/usr/lib/gcc/x86_64-pc-linux-gnu/9.3.0/../../../../include/c++/9.3.0/backward]
    add: [/usr/lib/gcc/x86_64-pc-linux-gnu/9.3.0/include]
    add: [/usr/local/include]
    add: [/usr/lib/gcc/x86_64-pc-linux-gnu/9.3.0/include-fixed]
    add: [/usr/include]
  end of search list found
  collapse include dir [/usr/lib/gcc/x86_64-pc-linux-gnu/9.3.0/../../../../include/c++/9.3.0] ==> [/usr/include/c++/9.3.0]
  collapse include dir [/usr/lib/gcc/x86_64-pc-linux-gnu/9.3.0/../../../../include/c++/9.3.0/x86_64-pc-linux-gnu] ==> [/usr/include/c++/9.3.0/x86_64-pc-linux-gnu]
  collapse include dir [/usr/lib/gcc/x86_64-pc-linux-gnu/9.3.0/../../../../include/c++/9.3.0/backward] ==> [/usr/include/c++/9.3.0/backward]
  collapse include dir [/usr/lib/gcc/x86_64-pc-linux-gnu/9.3.0/include] ==> [/usr/lib/gcc/x86_64-pc-linux-gnu/9.3.0/include]
  collapse include dir [/usr/local/include] ==> [/usr/local/include]
  collapse include dir [/usr/lib/gcc/x86_64-pc-linux-gnu/9.3.0/include-fixed] ==> [/usr/lib/gcc/x86_64-pc-linux-gnu/9.3.0/include-fixed]
  collapse include dir [/usr/include] ==> [/usr/include]
  implicit include dirs: [/usr/include/c++/9.3.0;/usr/include/c++/9.3.0/x86_64-pc-linux-gnu;/usr/include/c++/9.3.0/backward;/usr/lib/gcc/x86_64-pc-linux-gnu/9.3.0/include;/usr/local/include;/usr/lib/gcc/x86_64-pc-linux-gnu/9.3.0/include-fixed;/usr/include]


Parsed CXX implicit link information from above output:
  link line regex: [^( *|.*[/\])(ld|CMAKE_LINK_STARTFILE-NOTFOUND|([^/\]+-)?ld|collect2)[^/\]*( |$)]
  ignore line: [Change Dir: /media/sf_files/Dal/Code/rnmrfit_dev/src/rnmrfit/target/release/build/nlopt-8949c50758ecf046/out/build/CMakeFiles/CMakeTmp]
  ignore line: []
  ignore line: [Run Build Command(s):/usr/bin/make cmTC_76e22/fast && make[1]: Entering directory '/media/sf_files/Dal/Code/rnmrfit_dev/src/rnmrfit/target/release/build/nlopt-8949c50758ecf046/out/build/CMakeFiles/CMakeTmp']
  ignore line: [make  -f CMakeFiles/cmTC_76e22.dir/build.make CMakeFiles/cmTC_76e22.dir/build]
  ignore line: [make[2]: Entering directory '/media/sf_files/Dal/Code/rnmrfit_dev/src/rnmrfit/target/release/build/nlopt-8949c50758ecf046/out/build/CMakeFiles/CMakeTmp']
  ignore line: [Building CXX object CMakeFiles/cmTC_76e22.dir/CMakeCXXCompilerABI.cpp.o]
  ignore line: [/usr/bin/c++    -v -o CMakeFiles/cmTC_76e22.dir/CMakeCXXCompilerABI.cpp.o -c /usr/share/cmake-3.17/Modules/CMakeCXXCompilerABI.cpp]
  ignore line: [Using built-in specs.]
  ignore line: [COLLECT_GCC=/usr/bin/c++]
  ignore line: [Target: x86_64-pc-linux-gnu]
  ignore line: [Configured with: /build/gcc/src/gcc/configure --prefix=/usr --libdir=/usr/lib --libexecdir=/usr/lib --mandir=/usr/share/man --infodir=/usr/share/info --with-pkgversion='Arch Linux 9.3.0-1' --with-bugurl=https://bugs.archlinux.org/ --enable-languages=c c++ ada fortran go lto objc obj-c++ d --enable-shared --enable-threads=posix --with-system-zlib --with-isl --enable-__cxa_atexit --disable-libunwind-exceptions --enable-clocale=gnu --disable-libstdcxx-pch --disable-libssp --enable-gnu-unique-object --enable-linker-build-id --enable-lto --enable-plugin --enable-install-libiberty --with-linker-hash-style=gnu --enable-gnu-indirect-function --enable-multilib --disable-werror --enable-checking=release --enable-default-pie --enable-default-ssp --enable-cet=auto gdc_include_dir=/usr/include/dlang/gdc]
  ignore line: [Thread model: posix]
  ignore line: [gcc version 9.3.0 (Arch Linux 9.3.0-1) ]
  ignore line: [COLLECT_GCC_OPTIONS='-v' '-o' 'CMakeFiles/cmTC_76e22.dir/CMakeCXXCompilerABI.cpp.o' '-c' '-shared-libgcc' '-mtune=generic' '-march=x86-64']
  ignore line: [ /usr/lib/gcc/x86_64-pc-linux-gnu/9.3.0/cc1plus -quiet -v -D_GNU_SOURCE /usr/share/cmake-3.17/Modules/CMakeCXXCompilerABI.cpp -quiet -dumpbase CMakeCXXCompilerABI.cpp -mtune=generic -march=x86-64 -auxbase-strip CMakeFiles/cmTC_76e22.dir/CMakeCXXCompilerABI.cpp.o -version -o /tmp/ccKTZzko.s]
  ignore line: [GNU C++14 (Arch Linux 9.3.0-1) version 9.3.0 (x86_64-pc-linux-gnu)]
  ignore line: [	compiled by GNU C version 9.3.0  GMP version 6.2.0  MPFR version 4.0.2  MPC version 1.1.0  isl version isl-0.21-GMP]
  ignore line: []
  ignore line: [GGC heuristics: --param ggc-min-expand=100 --param ggc-min-heapsize=131072]
  ignore line: [ignoring nonexistent directory "/usr/lib/gcc/x86_64-pc-linux-gnu/9.3.0/../../../../x86_64-pc-linux-gnu/include"]
  ignore line: [#include "..." search starts here:]
  ignore line: [#include <...> search starts here:]
  ignore line: [ /usr/lib/gcc/x86_64-pc-linux-gnu/9.3.0/../../../../include/c++/9.3.0]
  ignore line: [ /usr/lib/gcc/x86_64-pc-linux-gnu/9.3.0/../../../../include/c++/9.3.0/x86_64-pc-linux-gnu]
  ignore line: [ /usr/lib/gcc/x86_64-pc-linux-gnu/9.3.0/../../../../include/c++/9.3.0/backward]
  ignore line: [ /usr/lib/gcc/x86_64-pc-linux-gnu/9.3.0/include]
  ignore line: [ /usr/local/include]
  ignore line: [ /usr/lib/gcc/x86_64-pc-linux-gnu/9.3.0/include-fixed]
  ignore line: [ /usr/include]
  ignore line: [End of search list.]
  ignore line: [GNU C++14 (Arch Linux 9.3.0-1) version 9.3.0 (x86_64-pc-linux-gnu)]
  ignore line: [	compiled by GNU C version 9.3.0  GMP version 6.2.0  MPFR version 4.0.2  MPC version 1.1.0  isl version isl-0.21-GMP]
  ignore line: []
  ignore line: [GGC heuristics: --param ggc-min-expand=100 --param ggc-min-heapsize=131072]
  ignore line: [Compiler executable checksum: 814040b5981cd30c081565ed9d15a61c]
  ignore line: [COLLECT_GCC_OPTIONS='-v' '-o' 'CMakeFiles/cmTC_76e22.dir/CMakeCXXCompilerABI.cpp.o' '-c' '-shared-libgcc' '-mtune=generic' '-march=x86-64']
  ignore line: [ as -v --64 -o CMakeFiles/cmTC_76e22.dir/CMakeCXXCompilerABI.cpp.o /tmp/ccKTZzko.s]
  ignore line: [GNU assembler version 2.34 (x86_64-pc-linux-gnu) using BFD version (GNU Binutils) 2.34]
  ignore line: [COMPILER_PATH=/usr/lib/gcc/x86_64-pc-linux-gnu/9.3.0/:/usr/lib/gcc/x86_64-pc-linux-gnu/9.3.0/:/usr/lib/gcc/x86_64-pc-linux-gnu/:/usr/lib/gcc/x86_64-pc-linux-gnu/9.3.0/:/usr/lib/gcc/x86_64-pc-linux-gnu/]
  ignore line: [LIBRARY_PATH=/usr/lib/gcc/x86_64-pc-linux-gnu/9.3.0/:/usr/lib/gcc/x86_64-pc-linux-gnu/9.3.0/../../../../lib/:/lib/../lib/:/usr/lib/../lib/:/usr/lib/gcc/x86_64-pc-linux-gnu/9.3.0/../../../:/lib/:/usr/lib/]
  ignore line: [COLLECT_GCC_OPTIONS='-v' '-o' 'CMakeFiles/cmTC_76e22.dir/CMakeCXXCompilerABI.cpp.o' '-c' '-shared-libgcc' '-mtune=generic' '-march=x86-64']
  ignore line: [Linking CXX executable cmTC_76e22]
  ignore line: [/usr/bin/cmake -E cmake_link_script CMakeFiles/cmTC_76e22.dir/link.txt --verbose=1]
  ignore line: [/usr/bin/c++      -v -rdynamic CMakeFiles/cmTC_76e22.dir/CMakeCXXCompilerABI.cpp.o  -o cmTC_76e22 ]
  ignore line: [Using built-in specs.]
  ignore line: [COLLECT_GCC=/usr/bin/c++]
  ignore line: [COLLECT_LTO_WRAPPER=/usr/lib/gcc/x86_64-pc-linux-gnu/9.3.0/lto-wrapper]
  ignore line: [Target: x86_64-pc-linux-gnu]
  ignore line: [Configured with: /build/gcc/src/gcc/configure --prefix=/usr --libdir=/usr/lib --libexecdir=/usr/lib --mandir=/usr/share/man --infodir=/usr/share/info --with-pkgversion='Arch Linux 9.3.0-1' --with-bugurl=https://bugs.archlinux.org/ --enable-languages=c c++ ada fortran go lto objc obj-c++ d --enable-shared --enable-threads=posix --with-system-zlib --with-isl --enable-__cxa_atexit --disable-libunwind-exceptions --enable-clocale=gnu --disable-libstdcxx-pch --disable-libssp --enable-gnu-unique-object --enable-linker-build-id --enable-lto --enable-plugin --enable-install-libiberty --with-linker-hash-style=gnu --enable-gnu-indirect-function --enable-multilib --disable-werror --enable-checking=release --enable-default-pie --enable-default-ssp --enable-cet=auto gdc_include_dir=/usr/include/dlang/gdc]
  ignore line: [Thread model: posix]
  ignore line: [gcc version 9.3.0 (Arch Linux 9.3.0-1) ]
  ignore line: [COMPILER_PATH=/usr/lib/gcc/x86_64-pc-linux-gnu/9.3.0/:/usr/lib/gcc/x86_64-pc-linux-gnu/9.3.0/:/usr/lib/gcc/x86_64-pc-linux-gnu/:/usr/lib/gcc/x86_64-pc-linux-gnu/9.3.0/:/usr/lib/gcc/x86_64-pc-linux-gnu/]
  ignore line: [LIBRARY_PATH=/usr/lib/gcc/x86_64-pc-linux-gnu/9.3.0/:/usr/lib/gcc/x86_64-pc-linux-gnu/9.3.0/../../../../lib/:/lib/../lib/:/usr/lib/../lib/:/usr/lib/gcc/x86_64-pc-linux-gnu/9.3.0/../../../:/lib/:/usr/lib/]
  ignore line: [COLLECT_GCC_OPTIONS='-v' '-rdynamic' '-o' 'cmTC_76e22' '-shared-libgcc' '-mtune=generic' '-march=x86-64']
  link line: [ /usr/lib/gcc/x86_64-pc-linux-gnu/9.3.0/collect2 -plugin /usr/lib/gcc/x86_64-pc-linux-gnu/9.3.0/liblto_plugin.so -plugin-opt=/usr/lib/gcc/x86_64-pc-linux-gnu/9.3.0/lto-wrapper -plugin-opt=-fresolution=/tmp/ccHRwwTI.res -plugin-opt=-pass-through=-lgcc_s -plugin-opt=-pass-through=-lgcc -plugin-opt=-pass-through=-lc -plugin-opt=-pass-through=-lgcc_s -plugin-opt=-pass-through=-lgcc --build-id --eh-frame-hdr --hash-style=gnu -m elf_x86_64 -export-dynamic -dynamic-linker /lib64/ld-linux-x86-64.so.2 -pie -o cmTC_76e22 /usr/lib/gcc/x86_64-pc-linux-gnu/9.3.0/../../../../lib/Scrt1.o /usr/lib/gcc/x86_64-pc-linux-gnu/9.3.0/../../../../lib/crti.o /usr/lib/gcc/x86_64-pc-linux-gnu/9.3.0/crtbeginS.o -L/usr/lib/gcc/x86_64-pc-linux-gnu/9.3.0 -L/usr/lib/gcc/x86_64-pc-linux-gnu/9.3.0/../../../../lib -L/lib/../lib -L/usr/lib/../lib -L/usr/lib/gcc/x86_64-pc-linux-gnu/9.3.0/../../.. CMakeFiles/cmTC_76e22.dir/CMakeCXXCompilerABI.cpp.o -lstdc++ -lm -lgcc_s -lgcc -lc -lgcc_s -lgcc /usr/lib/gcc/x86_64-pc-linux-gnu/9.3.0/crtendS.o /usr/lib/gcc/x86_64-pc-linux-gnu/9.3.0/../../../../lib/crtn.o]
    arg [/usr/lib/gcc/x86_64-pc-linux-gnu/9.3.0/collect2] ==> ignore
    arg [-plugin] ==> ignore
    arg [/usr/lib/gcc/x86_64-pc-linux-gnu/9.3.0/liblto_plugin.so] ==> ignore
    arg [-plugin-opt=/usr/lib/gcc/x86_64-pc-linux-gnu/9.3.0/lto-wrapper] ==> ignore
    arg [-plugin-opt=-fresolution=/tmp/ccHRwwTI.res] ==> ignore
    arg [-plugin-opt=-pass-through=-lgcc_s] ==> ignore
    arg [-plugin-opt=-pass-through=-lgcc] ==> ignore
    arg [-plugin-opt=-pass-through=-lc] ==> ignore
    arg [-plugin-opt=-pass-through=-lgcc_s] ==> ignore
    arg [-plugin-opt=-pass-through=-lgcc] ==> ignore
    arg [--build-id] ==> ignore
    arg [--eh-frame-hdr] ==> ignore
    arg [--hash-style=gnu] ==> ignore
    arg [-m] ==> ignore
    arg [elf_x86_64] ==> ignore
    arg [-export-dynamic] ==> ignore
    arg [-dynamic-linker] ==> ignore
    arg [/lib64/ld-linux-x86-64.so.2] ==> ignore
    arg [-pie] ==> ignore
    arg [-o] ==> ignore
    arg [cmTC_76e22] ==> ignore
    arg [/usr/lib/gcc/x86_64-pc-linux-gnu/9.3.0/../../../../lib/Scrt1.o] ==> ignore
    arg [/usr/lib/gcc/x86_64-pc-linux-gnu/9.3.0/../../../../lib/crti.o] ==> ignore
    arg [/usr/lib/gcc/x86_64-pc-linux-gnu/9.3.0/crtbeginS.o] ==> ignore
    arg [-L/usr/lib/gcc/x86_64-pc-linux-gnu/9.3.0] ==> dir [/usr/lib/gcc/x86_64-pc-linux-gnu/9.3.0]
    arg [-L/usr/lib/gcc/x86_64-pc-linux-gnu/9.3.0/../../../../lib] ==> dir [/usr/lib/gcc/x86_64-pc-linux-gnu/9.3.0/../../../../lib]
    arg [-L/lib/../lib] ==> dir [/lib/../lib]
    arg [-L/usr/lib/../lib] ==> dir [/usr/lib/../lib]
    arg [-L/usr/lib/gcc/x86_64-pc-linux-gnu/9.3.0/../../..] ==> dir [/usr/lib/gcc/x86_64-pc-linux-gnu/9.3.0/../../..]
    arg [CMakeFiles/cmTC_76e22.dir/CMakeCXXCompilerABI.cpp.o] ==> ignore
    arg [-lstdc++] ==> lib [stdc++]
    arg [-lm] ==> lib [m]
    arg [-lgcc_s] ==> lib [gcc_s]
    arg [-lgcc] ==> lib [gcc]
    arg [-lc] ==> lib [c]
    arg [-lgcc_s] ==> lib [gcc_s]
    arg [-lgcc] ==> lib [gcc]
    arg [/usr/lib/gcc/x86_64-pc-linux-gnu/9.3.0/crtendS.o] ==> ignore
    arg [/usr/lib/gcc/x86_64-pc-linux-gnu/9.3.0/../../../../lib/crtn.o] ==> ignore
  collapse library dir [/usr/lib/gcc/x86_64-pc-linux-gnu/9.3.0] ==> [/usr/lib/gcc/x86_64-pc-linux-gnu/9.3.0]
  collapse library dir [/usr/lib/gcc/x86_64-pc-linux-gnu/9.3.0/../../../../lib] ==> [/usr/lib]
  collapse library dir [/lib/../lib] ==> [/lib]
  collapse library dir [/usr/lib/../lib] ==> [/usr/lib]
  collapse library dir [/usr/lib/gcc/x86_64-pc-linux-gnu/9.3.0/../../..] ==> [/usr/lib]
  implicit libs: [stdc++;m;gcc_s;gcc;c;gcc_s;gcc]
  implicit dirs: [/usr/lib/gcc/x86_64-pc-linux-gnu/9.3.0;/usr/lib;/lib]
  implicit fwks: []


Determining if the include file dlfcn.h exists passed with the following output:
Change Dir: /media/sf_files/Dal/Code/rnmrfit_dev/src/rnmrfit/target/release/build/nlopt-8949c50758ecf046/out/build/CMakeFiles/CMakeTmp

Run Build Command(s):/usr/bin/make cmTC_80345/fast && make[1]: Entering directory '/media/sf_files/Dal/Code/rnmrfit_dev/src/rnmrfit/target/release/build/nlopt-8949c50758ecf046/out/build/CMakeFiles/CMakeTmp'
make  -f CMakeFiles/cmTC_80345.dir/build.make CMakeFiles/cmTC_80345.dir/build
make[2]: Entering directory '/media/sf_files/Dal/Code/rnmrfit_dev/src/rnmrfit/target/release/build/nlopt-8949c50758ecf046/out/build/CMakeFiles/CMakeTmp'
Building C object CMakeFiles/cmTC_80345.dir/CheckIncludeFile.c.o
/usr/bin/cc   -ffunction-sections -fdata-sections -fPIC -m64    -o CMakeFiles/cmTC_80345.dir/CheckIncludeFile.c.o   -c /media/sf_files/Dal/Code/rnmrfit_dev/src/rnmrfit/target/release/build/nlopt-8949c50758ecf046/out/build/CMakeFiles/CMakeTmp/CheckIncludeFile.c
Linking C executable cmTC_80345
/usr/bin/cmake -E cmake_link_script CMakeFiles/cmTC_80345.dir/link.txt --verbose=1
/usr/bin/cc  -ffunction-sections -fdata-sections -fPIC -m64     -rdynamic CMakeFiles/cmTC_80345.dir/CheckIncludeFile.c.o  -o cmTC_80345 
make[2]: Leaving directory '/media/sf_files/Dal/Code/rnmrfit_dev/src/rnmrfit/target/release/build/nlopt-8949c50758ecf046/out/build/CMakeFiles/CMakeTmp'
make[1]: Leaving directory '/media/sf_files/Dal/Code/rnmrfit_dev/src/rnmrfit/target/release/build/nlopt-8949c50758ecf046/out/build/CMakeFiles/CMakeTmp'



Determining if the include file getopt.h exists passed with the following output:
Change Dir: /media/sf_files/Dal/Code/rnmrfit_dev/src/rnmrfit/target/release/build/nlopt-8949c50758ecf046/out/build/CMakeFiles/CMakeTmp

Run Build Command(s):/usr/bin/make cmTC_a128c/fast && make[1]: Entering directory '/media/sf_files/Dal/Code/rnmrfit_dev/src/rnmrfit/target/release/build/nlopt-8949c50758ecf046/out/build/CMakeFiles/CMakeTmp'
make  -f CMakeFiles/cmTC_a128c.dir/build.make CMakeFiles/cmTC_a128c.dir/build
make[2]: Entering directory '/media/sf_files/Dal/Code/rnmrfit_dev/src/rnmrfit/target/release/build/nlopt-8949c50758ecf046/out/build/CMakeFiles/CMakeTmp'
Building C object CMakeFiles/cmTC_a128c.dir/CheckIncludeFile.c.o
/usr/bin/cc   -ffunction-sections -fdata-sections -fPIC -m64    -o CMakeFiles/cmTC_a128c.dir/CheckIncludeFile.c.o   -c /media/sf_files/Dal/Code/rnmrfit_dev/src/rnmrfit/target/release/build/nlopt-8949c50758ecf046/out/build/CMakeFiles/CMakeTmp/CheckIncludeFile.c
Linking C executable cmTC_a128c
/usr/bin/cmake -E cmake_link_script CMakeFiles/cmTC_a128c.dir/link.txt --verbose=1
/usr/bin/cc  -ffunction-sections -fdata-sections -fPIC -m64     -rdynamic CMakeFiles/cmTC_a128c.dir/CheckIncludeFile.c.o  -o cmTC_a128c 
make[2]: Leaving directory '/media/sf_files/Dal/Code/rnmrfit_dev/src/rnmrfit/target/release/build/nlopt-8949c50758ecf046/out/build/CMakeFiles/CMakeTmp'
make[1]: Leaving directory '/media/sf_files/Dal/Code/rnmrfit_dev/src/rnmrfit/target/release/build/nlopt-8949c50758ecf046/out/build/CMakeFiles/CMakeTmp'



Determining if the include file unistd.h exists passed with the following output:
Change Dir: /media/sf_files/Dal/Code/rnmrfit_dev/src/rnmrfit/target/release/build/nlopt-8949c50758ecf046/out/build/CMakeFiles/CMakeTmp

Run Build Command(s):/usr/bin/make cmTC_aa6d2/fast && make[1]: Entering directory '/media/sf_files/Dal/Code/rnmrfit_dev/src/rnmrfit/target/release/build/nlopt-8949c50758ecf046/out/build/CMakeFiles/CMakeTmp'
make  -f CMakeFiles/cmTC_aa6d2.dir/build.make CMakeFiles/cmTC_aa6d2.dir/build
make[2]: Entering directory '/media/sf_files/Dal/Code/rnmrfit_dev/src/rnmrfit/target/release/build/nlopt-8949c50758ecf046/out/build/CMakeFiles/CMakeTmp'
Building C object CMakeFiles/cmTC_aa6d2.dir/CheckIncludeFile.c.o
/usr/bin/cc   -ffunction-sections -fdata-sections -fPIC -m64    -o CMakeFiles/cmTC_aa6d2.dir/CheckIncludeFile.c.o   -c /media/sf_files/Dal/Code/rnmrfit_dev/src/rnmrfit/target/release/build/nlopt-8949c50758ecf046/out/build/CMakeFiles/CMakeTmp/CheckIncludeFile.c
Linking C executable cmTC_aa6d2
/usr/bin/cmake -E cmake_link_script CMakeFiles/cmTC_aa6d2.dir/link.txt --verbose=1
/usr/bin/cc  -ffunction-sections -fdata-sections -fPIC -m64     -rdynamic CMakeFiles/cmTC_aa6d2.dir/CheckIncludeFile.c.o  -o cmTC_aa6d2 
make[2]: Leaving directory '/media/sf_files/Dal/Code/rnmrfit_dev/src/rnmrfit/target/release/build/nlopt-8949c50758ecf046/out/build/CMakeFiles/CMakeTmp'
make[1]: Leaving directory '/media/sf_files/Dal/Code/rnmrfit_dev/src/rnmrfit/target/release/build/nlopt-8949c50758ecf046/out/build/CMakeFiles/CMakeTmp'



Determining if the include file string.h exists passed with the following output:
Change Dir: /media/sf_files/Dal/Code/rnmrfit_dev/src/rnmrfit/target/release/build/nlopt-8949c50758ecf046/out/build/CMakeFiles/CMakeTmp

Run Build Command(s):/usr/bin/make cmTC_09356/fast && make[1]: Entering directory '/media/sf_files/Dal/Code/rnmrfit_dev/src/rnmrfit/target/release/build/nlopt-8949c50758ecf046/out/build/CMakeFiles/CMakeTmp'
make  -f CMakeFiles/cmTC_09356.dir/build.make CMakeFiles/cmTC_09356.dir/build
make[2]: Entering directory '/media/sf_files/Dal/Code/rnmrfit_dev/src/rnmrfit/target/release/build/nlopt-8949c50758ecf046/out/build/CMakeFiles/CMakeTmp'
Building C object CMakeFiles/cmTC_09356.dir/CheckIncludeFile.c.o
/usr/bin/cc   -ffunction-sections -fdata-sections -fPIC -m64    -o CMakeFiles/cmTC_09356.dir/CheckIncludeFile.c.o   -c /media/sf_files/Dal/Code/rnmrfit_dev/src/rnmrfit/target/release/build/nlopt-8949c50758ecf046/out/build/CMakeFiles/CMakeTmp/CheckIncludeFile.c
Linking C executable cmTC_09356
/usr/bin/cmake -E cmake_link_script CMakeFiles/cmTC_09356.dir/link.txt --verbose=1
/usr/bin/cc  -ffunction-sections -fdata-sections -fPIC -m64     -rdynamic CMakeFiles/cmTC_09356.dir/CheckIncludeFile.c.o  -o cmTC_09356 
make[2]: Leaving directory '/media/sf_files/Dal/Code/rnmrfit_dev/src/rnmrfit/target/release/build/nlopt-8949c50758ecf046/out/build/CMakeFiles/CMakeTmp'
make[1]: Leaving directory '/media/sf_files/Dal/Code/rnmrfit_dev/src/rnmrfit/target/release/build/nlopt-8949c50758ecf046/out/build/CMakeFiles/CMakeTmp'



Determining if the include file strings.h exists passed with the following output:
Change Dir: /media/sf_files/Dal/Code/rnmrfit_dev/src/rnmrfit/target/release/build/nlopt-8949c50758ecf046/out/build/CMakeFiles/CMakeTmp

Run Build Command(s):/usr/bin/make cmTC_b25e1/fast && make[1]: Entering directory '/media/sf_files/Dal/Code/rnmrfit_dev/src/rnmrfit/target/release/build/nlopt-8949c50758ecf046/out/build/CMakeFiles/CMakeTmp'
make  -f CMakeFiles/cmTC_b25e1.dir/build.make CMakeFiles/cmTC_b25e1.dir/build
make[2]: Entering directory '/media/sf_files/Dal/Code/rnmrfit_dev/src/rnmrfit/target/release/build/nlopt-8949c50758ecf046/out/build/CMakeFiles/CMakeTmp'
Building C object CMakeFiles/cmTC_b25e1.dir/CheckIncludeFile.c.o
/usr/bin/cc   -ffunction-sections -fdata-sections -fPIC -m64    -o CMakeFiles/cmTC_b25e1.dir/CheckIncludeFile.c.o   -c /media/sf_files/Dal/Code/rnmrfit_dev/src/rnmrfit/target/release/build/nlopt-8949c50758ecf046/out/build/CMakeFiles/CMakeTmp/CheckIncludeFile.c
Linking C executable cmTC_b25e1
/usr/bin/cmake -E cmake_link_script CMakeFiles/cmTC_b25e1.dir/link.txt --verbose=1
/usr/bin/cc  -ffunction-sections -fdata-sections -fPIC -m64     -rdynamic CMakeFiles/cmTC_b25e1.dir/CheckIncludeFile.c.o  -o cmTC_b25e1 
make[2]: Leaving directory '/media/sf_files/Dal/Code/rnmrfit_dev/src/rnmrfit/target/release/build/nlopt-8949c50758ecf046/out/build/CMakeFiles/CMakeTmp'
make[1]: Leaving directory '/media/sf_files/Dal/Code/rnmrfit_dev/src/rnmrfit/target/release/build/nlopt-8949c50758ecf046/out/build/CMakeFiles/CMakeTmp'



Determining if the include file inttypes.h exists passed with the following output:
Change Dir: /media/sf_files/Dal/Code/rnmrfit_dev/src/rnmrfit/target/release/build/nlopt-8949c50758ecf046/out/build/CMakeFiles/CMakeTmp

Run Build Command(s):/usr/bin/make cmTC_f2d42/fast && make[1]: Entering directory '/media/sf_files/Dal/Code/rnmrfit_dev/src/rnmrfit/target/release/build/nlopt-8949c50758ecf046/out/build/CMakeFiles/CMakeTmp'
make  -f CMakeFiles/cmTC_f2d42.dir/build.make CMakeFiles/cmTC_f2d42.dir/build
make[2]: Entering directory '/media/sf_files/Dal/Code/rnmrfit_dev/src/rnmrfit/target/release/build/nlopt-8949c50758ecf046/out/build/CMakeFiles/CMakeTmp'
Building C object CMakeFiles/cmTC_f2d42.dir/CheckIncludeFile.c.o
/usr/bin/cc   -ffunction-sections -fdata-sections -fPIC -m64    -o CMakeFiles/cmTC_f2d42.dir/CheckIncludeFile.c.o   -c /media/sf_files/Dal/Code/rnmrfit_dev/src/rnmrfit/target/release/build/nlopt-8949c50758ecf046/out/build/CMakeFiles/CMakeTmp/CheckIncludeFile.c
Linking C executable cmTC_f2d42
/usr/bin/cmake -E cmake_link_script CMakeFiles/cmTC_f2d42.dir/link.txt --verbose=1
/usr/bin/cc  -ffunction-sections -fdata-sections -fPIC -m64     -rdynamic CMakeFiles/cmTC_f2d42.dir/CheckIncludeFile.c.o  -o cmTC_f2d42 
make[2]: Leaving directory '/media/sf_files/Dal/Code/rnmrfit_dev/src/rnmrfit/target/release/build/nlopt-8949c50758ecf046/out/build/CMakeFiles/CMakeTmp'
make[1]: Leaving directory '/media/sf_files/Dal/Code/rnmrfit_dev/src/rnmrfit/target/release/build/nlopt-8949c50758ecf046/out/build/CMakeFiles/CMakeTmp'



Determining if the include file memory.h exists passed with the following output:
Change Dir: /media/sf_files/Dal/Code/rnmrfit_dev/src/rnmrfit/target/release/build/nlopt-8949c50758ecf046/out/build/CMakeFiles/CMakeTmp

Run Build Command(s):/usr/bin/make cmTC_2d07d/fast && make[1]: Entering directory '/media/sf_files/Dal/Code/rnmrfit_dev/src/rnmrfit/target/release/build/nlopt-8949c50758ecf046/out/build/CMakeFiles/CMakeTmp'
make  -f CMakeFiles/cmTC_2d07d.dir/build.make CMakeFiles/cmTC_2d07d.dir/build
make[2]: Entering directory '/media/sf_files/Dal/Code/rnmrfit_dev/src/rnmrfit/target/release/build/nlopt-8949c50758ecf046/out/build/CMakeFiles/CMakeTmp'
Building C object CMakeFiles/cmTC_2d07d.dir/CheckIncludeFile.c.o
/usr/bin/cc   -ffunction-sections -fdata-sections -fPIC -m64    -o CMakeFiles/cmTC_2d07d.dir/CheckIncludeFile.c.o   -c /media/sf_files/Dal/Code/rnmrfit_dev/src/rnmrfit/target/release/build/nlopt-8949c50758ecf046/out/build/CMakeFiles/CMakeTmp/CheckIncludeFile.c
Linking C executable cmTC_2d07d
/usr/bin/cmake -E cmake_link_script CMakeFiles/cmTC_2d07d.dir/link.txt --verbose=1
/usr/bin/cc  -ffunction-sections -fdata-sections -fPIC -m64     -rdynamic CMakeFiles/cmTC_2d07d.dir/CheckIncludeFile.c.o  -o cmTC_2d07d 
make[2]: Leaving directory '/media/sf_files/Dal/Code/rnmrfit_dev/src/rnmrfit/target/release/build/nlopt-8949c50758ecf046/out/build/CMakeFiles/CMakeTmp'
make[1]: Leaving directory '/media/sf_files/Dal/Code/rnmrfit_dev/src/rnmrfit/target/release/build/nlopt-8949c50758ecf046/out/build/CMakeFiles/CMakeTmp'



Determining if the include file stdlib.h exists passed with the following output:
Change Dir: /media/sf_files/Dal/Code/rnmrfit_dev/src/rnmrfit/target/release/build/nlopt-8949c50758ecf046/out/build/CMakeFiles/CMakeTmp

Run Build Command(s):/usr/bin/make cmTC_80463/fast && make[1]: Entering directory '/media/sf_files/Dal/Code/rnmrfit_dev/src/rnmrfit/target/release/build/nlopt-8949c50758ecf046/out/build/CMakeFiles/CMakeTmp'
make  -f CMakeFiles/cmTC_80463.dir/build.make CMakeFiles/cmTC_80463.dir/build
make[2]: Entering directory '/media/sf_files/Dal/Code/rnmrfit_dev/src/rnmrfit/target/release/build/nlopt-8949c50758ecf046/out/build/CMakeFiles/CMakeTmp'
Building C object CMakeFiles/cmTC_80463.dir/CheckIncludeFile.c.o
/usr/bin/cc   -ffunction-sections -fdata-sections -fPIC -m64    -o CMakeFiles/cmTC_80463.dir/CheckIncludeFile.c.o   -c /media/sf_files/Dal/Code/rnmrfit_dev/src/rnmrfit/target/release/build/nlopt-8949c50758ecf046/out/build/CMakeFiles/CMakeTmp/CheckIncludeFile.c
Linking C executable cmTC_80463
/usr/bin/cmake -E cmake_link_script CMakeFiles/cmTC_80463.dir/link.txt --verbose=1
/usr/bin/cc  -ffunction-sections -fdata-sections -fPIC -m64     -rdynamic CMakeFiles/cmTC_80463.dir/CheckIncludeFile.c.o  -o cmTC_80463 
make[2]: Leaving directory '/media/sf_files/Dal/Code/rnmrfit_dev/src/rnmrfit/target/release/build/nlopt-8949c50758ecf046/out/build/CMakeFiles/CMakeTmp'
make[1]: Leaving directory '/media/sf_files/Dal/Code/rnmrfit_dev/src/rnmrfit/target/release/build/nlopt-8949c50758ecf046/out/build/CMakeFiles/CMakeTmp'



Determining if the include file stdint.h exists passed with the following output:
Change Dir: /media/sf_files/Dal/Code/rnmrfit_dev/src/rnmrfit/target/release/build/nlopt-8949c50758ecf046/out/build/CMakeFiles/CMakeTmp

Run Build Command(s):/usr/bin/make cmTC_0e415/fast && make[1]: Entering directory '/media/sf_files/Dal/Code/rnmrfit_dev/src/rnmrfit/target/release/build/nlopt-8949c50758ecf046/out/build/CMakeFiles/CMakeTmp'
make  -f CMakeFiles/cmTC_0e415.dir/build.make CMakeFiles/cmTC_0e415.dir/build
make[2]: Entering directory '/media/sf_files/Dal/Code/rnmrfit_dev/src/rnmrfit/target/release/build/nlopt-8949c50758ecf046/out/build/CMakeFiles/CMakeTmp'
Building C object CMakeFiles/cmTC_0e415.dir/CheckIncludeFile.c.o
/usr/bin/cc   -ffunction-sections -fdata-sections -fPIC -m64    -o CMakeFiles/cmTC_0e415.dir/CheckIncludeFile.c.o   -c /media/sf_files/Dal/Code/rnmrfit_dev/src/rnmrfit/target/release/build/nlopt-8949c50758ecf046/out/build/CMakeFiles/CMakeTmp/CheckIncludeFile.c
Linking C executable cmTC_0e415
/usr/bin/cmake -E cmake_link_script CMakeFiles/cmTC_0e415.dir/link.txt --verbose=1
/usr/bin/cc  -ffunction-sections -fdata-sections -fPIC -m64     -rdynamic CMakeFiles/cmTC_0e415.dir/CheckIncludeFile.c.o  -o cmTC_0e415 
make[2]: Leaving directory '/media/sf_files/Dal/Code/rnmrfit_dev/src/rnmrfit/target/release/build/nlopt-8949c50758ecf046/out/build/CMakeFiles/CMakeTmp'
make[1]: Leaving directory '/media/sf_files/Dal/Code/rnmrfit_dev/src/rnmrfit/target/release/build/nlopt-8949c50758ecf046/out/build/CMakeFiles/CMakeTmp'



Determining if the include file time.h exists passed with the following output:
Change Dir: /media/sf_files/Dal/Code/rnmrfit_dev/src/rnmrfit/target/release/build/nlopt-8949c50758ecf046/out/build/CMakeFiles/CMakeTmp

Run Build Command(s):/usr/bin/make cmTC_10d2e/fast && make[1]: Entering directory '/media/sf_files/Dal/Code/rnmrfit_dev/src/rnmrfit/target/release/build/nlopt-8949c50758ecf046/out/build/CMakeFiles/CMakeTmp'
make  -f CMakeFiles/cmTC_10d2e.dir/build.make CMakeFiles/cmTC_10d2e.dir/build
make[2]: Entering directory '/media/sf_files/Dal/Code/rnmrfit_dev/src/rnmrfit/target/release/build/nlopt-8949c50758ecf046/out/build/CMakeFiles/CMakeTmp'
Building C object CMakeFiles/cmTC_10d2e.dir/CheckIncludeFile.c.o
/usr/bin/cc   -ffunction-sections -fdata-sections -fPIC -m64    -o CMakeFiles/cmTC_10d2e.dir/CheckIncludeFile.c.o   -c /media/sf_files/Dal/Code/rnmrfit_dev/src/rnmrfit/target/release/build/nlopt-8949c50758ecf046/out/build/CMakeFiles/CMakeTmp/CheckIncludeFile.c
Linking C executable cmTC_10d2e
/usr/bin/cmake -E cmake_link_script CMakeFiles/cmTC_10d2e.dir/link.txt --verbose=1
/usr/bin/cc  -ffunction-sections -fdata-sections -fPIC -m64     -rdynamic CMakeFiles/cmTC_10d2e.dir/CheckIncludeFile.c.o  -o cmTC_10d2e 
make[2]: Leaving directory '/media/sf_files/Dal/Code/rnmrfit_dev/src/rnmrfit/target/release/build/nlopt-8949c50758ecf046/out/build/CMakeFiles/CMakeTmp'
make[1]: Leaving directory '/media/sf_files/Dal/Code/rnmrfit_dev/src/rnmrfit/target/release/build/nlopt-8949c50758ecf046/out/build/CMakeFiles/CMakeTmp'



Determining if the include file sys/types.h exists passed with the following output:
Change Dir: /media/sf_files/Dal/Code/rnmrfit_dev/src/rnmrfit/target/release/build/nlopt-8949c50758ecf046/out/build/CMakeFiles/CMakeTmp

Run Build Command(s):/usr/bin/make cmTC_7628f/fast && make[1]: Entering directory '/media/sf_files/Dal/Code/rnmrfit_dev/src/rnmrfit/target/release/build/nlopt-8949c50758ecf046/out/build/CMakeFiles/CMakeTmp'
make  -f CMakeFiles/cmTC_7628f.dir/build.make CMakeFiles/cmTC_7628f.dir/build
make[2]: Entering directory '/media/sf_files/Dal/Code/rnmrfit_dev/src/rnmrfit/target/release/build/nlopt-8949c50758ecf046/out/build/CMakeFiles/CMakeTmp'
Building C object CMakeFiles/cmTC_7628f.dir/CheckIncludeFile.c.o
/usr/bin/cc   -ffunction-sections -fdata-sections -fPIC -m64    -o CMakeFiles/cmTC_7628f.dir/CheckIncludeFile.c.o   -c /media/sf_files/Dal/Code/rnmrfit_dev/src/rnmrfit/target/release/build/nlopt-8949c50758ecf046/out/build/CMakeFiles/CMakeTmp/CheckIncludeFile.c
Linking C executable cmTC_7628f
/usr/bin/cmake -E cmake_link_script CMakeFiles/cmTC_7628f.dir/link.txt --verbose=1
/usr/bin/cc  -ffunction-sections -fdata-sections -fPIC -m64     -rdynamic CMakeFiles/cmTC_7628f.dir/CheckIncludeFile.c.o  -o cmTC_7628f 
make[2]: Leaving directory '/media/sf_files/Dal/Code/rnmrfit_dev/src/rnmrfit/target/release/build/nlopt-8949c50758ecf046/out/build/CMakeFiles/CMakeTmp'
make[1]: Leaving directory '/media/sf_files/Dal/Code/rnmrfit_dev/src/rnmrfit/target/release/build/nlopt-8949c50758ecf046/out/build/CMakeFiles/CMakeTmp'



Determining if the include file sys/stat.h exists passed with the following output:
Change Dir: /media/sf_files/Dal/Code/rnmrfit_dev/src/rnmrfit/target/release/build/nlopt-8949c50758ecf046/out/build/CMakeFiles/CMakeTmp

Run Build Command(s):/usr/bin/make cmTC_4657b/fast && make[1]: Entering directory '/media/sf_files/Dal/Code/rnmrfit_dev/src/rnmrfit/target/release/build/nlopt-8949c50758ecf046/out/build/CMakeFiles/CMakeTmp'
make  -f CMakeFiles/cmTC_4657b.dir/build.make CMakeFiles/cmTC_4657b.dir/build
make[2]: Entering directory '/media/sf_files/Dal/Code/rnmrfit_dev/src/rnmrfit/target/release/build/nlopt-8949c50758ecf046/out/build/CMakeFiles/CMakeTmp'
Building C object CMakeFiles/cmTC_4657b.dir/CheckIncludeFile.c.o
/usr/bin/cc   -ffunction-sections -fdata-sections -fPIC -m64    -o CMakeFiles/cmTC_4657b.dir/CheckIncludeFile.c.o   -c /media/sf_files/Dal/Code/rnmrfit_dev/src/rnmrfit/target/release/build/nlopt-8949c50758ecf046/out/build/CMakeFiles/CMakeTmp/CheckIncludeFile.c
Linking C executable cmTC_4657b
/usr/bin/cmake -E cmake_link_script CMakeFiles/cmTC_4657b.dir/link.txt --verbose=1
/usr/bin/cc  -ffunction-sections -fdata-sections -fPIC -m64     -rdynamic CMakeFiles/cmTC_4657b.dir/CheckIncludeFile.c.o  -o cmTC_4657b 
make[2]: Leaving directory '/media/sf_files/Dal/Code/rnmrfit_dev/src/rnmrfit/target/release/build/nlopt-8949c50758ecf046/out/build/CMakeFiles/CMakeTmp'
make[1]: Leaving directory '/media/sf_files/Dal/Code/rnmrfit_dev/src/rnmrfit/target/release/build/nlopt-8949c50758ecf046/out/build/CMakeFiles/CMakeTmp'



Determining if the include file sys/time.h exists passed with the following output:
Change Dir: /media/sf_files/Dal/Code/rnmrfit_dev/src/rnmrfit/target/release/build/nlopt-8949c50758ecf046/out/build/CMakeFiles/CMakeTmp

Run Build Command(s):/usr/bin/make cmTC_b2a81/fast && make[1]: Entering directory '/media/sf_files/Dal/Code/rnmrfit_dev/src/rnmrfit/target/release/build/nlopt-8949c50758ecf046/out/build/CMakeFiles/CMakeTmp'
make  -f CMakeFiles/cmTC_b2a81.dir/build.make CMakeFiles/cmTC_b2a81.dir/build
make[2]: Entering directory '/media/sf_files/Dal/Code/rnmrfit_dev/src/rnmrfit/target/release/build/nlopt-8949c50758ecf046/out/build/CMakeFiles/CMakeTmp'
Building C object CMakeFiles/cmTC_b2a81.dir/CheckIncludeFile.c.o
/usr/bin/cc   -ffunction-sections -fdata-sections -fPIC -m64    -o CMakeFiles/cmTC_b2a81.dir/CheckIncludeFile.c.o   -c /media/sf_files/Dal/Code/rnmrfit_dev/src/rnmrfit/target/release/build/nlopt-8949c50758ecf046/out/build/CMakeFiles/CMakeTmp/CheckIncludeFile.c
Linking C executable cmTC_b2a81
/usr/bin/cmake -E cmake_link_script CMakeFiles/cmTC_b2a81.dir/link.txt --verbose=1
/usr/bin/cc  -ffunction-sections -fdata-sections -fPIC -m64     -rdynamic CMakeFiles/cmTC_b2a81.dir/CheckIncludeFile.c.o  -o cmTC_b2a81 
make[2]: Leaving directory '/media/sf_files/Dal/Code/rnmrfit_dev/src/rnmrfit/target/release/build/nlopt-8949c50758ecf046/out/build/CMakeFiles/CMakeTmp'
make[1]: Leaving directory '/media/sf_files/Dal/Code/rnmrfit_dev/src/rnmrfit/target/release/build/nlopt-8949c50758ecf046/out/build/CMakeFiles/CMakeTmp'



Determining if the function getpid exists passed with the following output:
Change Dir: /media/sf_files/Dal/Code/rnmrfit_dev/src/rnmrfit/target/release/build/nlopt-8949c50758ecf046/out/build/CMakeFiles/CMakeTmp

Run Build Command(s):/usr/bin/make cmTC_b739b/fast && make[1]: Entering directory '/media/sf_files/Dal/Code/rnmrfit_dev/src/rnmrfit/target/release/build/nlopt-8949c50758ecf046/out/build/CMakeFiles/CMakeTmp'
make  -f CMakeFiles/cmTC_b739b.dir/build.make CMakeFiles/cmTC_b739b.dir/build
make[2]: Entering directory '/media/sf_files/Dal/Code/rnmrfit_dev/src/rnmrfit/target/release/build/nlopt-8949c50758ecf046/out/build/CMakeFiles/CMakeTmp'
Building C object CMakeFiles/cmTC_b739b.dir/CheckFunctionExists.c.o
/usr/bin/cc   -ffunction-sections -fdata-sections -fPIC -m64 -DCHECK_FUNCTION_EXISTS=getpid   -o CMakeFiles/cmTC_b739b.dir/CheckFunctionExists.c.o   -c /usr/share/cmake-3.17/Modules/CheckFunctionExists.c
Linking C executable cmTC_b739b
/usr/bin/cmake -E cmake_link_script CMakeFiles/cmTC_b739b.dir/link.txt --verbose=1
/usr/bin/cc  -ffunction-sections -fdata-sections -fPIC -m64 -DCHECK_FUNCTION_EXISTS=getpid    -rdynamic CMakeFiles/cmTC_b739b.dir/CheckFunctionExists.c.o  -o cmTC_b739b 
make[2]: Leaving directory '/media/sf_files/Dal/Code/rnmrfit_dev/src/rnmrfit/target/release/build/nlopt-8949c50758ecf046/out/build/CMakeFiles/CMakeTmp'
make[1]: Leaving directory '/media/sf_files/Dal/Code/rnmrfit_dev/src/rnmrfit/target/release/build/nlopt-8949c50758ecf046/out/build/CMakeFiles/CMakeTmp'



Determining if the function syscall exists passed with the following output:
Change Dir: /media/sf_files/Dal/Code/rnmrfit_dev/src/rnmrfit/target/release/build/nlopt-8949c50758ecf046/out/build/CMakeFiles/CMakeTmp

Run Build Command(s):/usr/bin/make cmTC_a0e81/fast && make[1]: Entering directory '/media/sf_files/Dal/Code/rnmrfit_dev/src/rnmrfit/target/release/build/nlopt-8949c50758ecf046/out/build/CMakeFiles/CMakeTmp'
make  -f CMakeFiles/cmTC_a0e81.dir/build.make CMakeFiles/cmTC_a0e81.dir/build
make[2]: Entering directory '/media/sf_files/Dal/Code/rnmrfit_dev/src/rnmrfit/target/release/build/nlopt-8949c50758ecf046/out/build/CMakeFiles/CMakeTmp'
Building C object CMakeFiles/cmTC_a0e81.dir/CheckFunctionExists.c.o
/usr/bin/cc   -ffunction-sections -fdata-sections -fPIC -m64 -DCHECK_FUNCTION_EXISTS=syscall   -o CMakeFiles/cmTC_a0e81.dir/CheckFunctionExists.c.o   -c /usr/share/cmake-3.17/Modules/CheckFunctionExists.c
Linking C executable cmTC_a0e81
/usr/bin/cmake -E cmake_link_script CMakeFiles/cmTC_a0e81.dir/link.txt --verbose=1
/usr/bin/cc  -ffunction-sections -fdata-sections -fPIC -m64 -DCHECK_FUNCTION_EXISTS=syscall    -rdynamic CMakeFiles/cmTC_a0e81.dir/CheckFunctionExists.c.o  -o cmTC_a0e81 
make[2]: Leaving directory '/media/sf_files/Dal/Code/rnmrfit_dev/src/rnmrfit/target/release/build/nlopt-8949c50758ecf046/out/build/CMakeFiles/CMakeTmp'
make[1]: Leaving directory '/media/sf_files/Dal/Code/rnmrfit_dev/src/rnmrfit/target/release/build/nlopt-8949c50758ecf046/out/build/CMakeFiles/CMakeTmp'



Determining if the function isinf exists passed with the following output:
Change Dir: /media/sf_files/Dal/Code/rnmrfit_dev/src/rnmrfit/target/release/build/nlopt-8949c50758ecf046/out/build/CMakeFiles/CMakeTmp

Run Build Command(s):/usr/bin/make cmTC_ac3df/fast && make[1]: Entering directory '/media/sf_files/Dal/Code/rnmrfit_dev/src/rnmrfit/target/release/build/nlopt-8949c50758ecf046/out/build/CMakeFiles/CMakeTmp'
make  -f CMakeFiles/cmTC_ac3df.dir/build.make CMakeFiles/cmTC_ac3df.dir/build
make[2]: Entering directory '/media/sf_files/Dal/Code/rnmrfit_dev/src/rnmrfit/target/release/build/nlopt-8949c50758ecf046/out/build/CMakeFiles/CMakeTmp'
Building C object CMakeFiles/cmTC_ac3df.dir/CheckFunctionExists.c.o
/usr/bin/cc   -ffunction-sections -fdata-sections -fPIC -m64 -DCHECK_FUNCTION_EXISTS=isinf   -o CMakeFiles/cmTC_ac3df.dir/CheckFunctionExists.c.o   -c /usr/share/cmake-3.17/Modules/CheckFunctionExists.c
<command-line>: warning: conflicting types for built-in function isinf; expected int() [-Wbuiltin-declaration-mismatch]
/usr/share/cmake-3.17/Modules/CheckFunctionExists.c:7:3: note: in expansion of macro CHECK_FUNCTION_EXISTS
    7 |   CHECK_FUNCTION_EXISTS(void);
      |   ^~~~~~~~~~~~~~~~~~~~~
/usr/share/cmake-3.17/Modules/CheckFunctionExists.c:1:1: note: isinf is declared in header <math.h>
  +++ |+#include <math.h>
    1 | #ifdef CHECK_FUNCTION_EXISTS
Linking C executable cmTC_ac3df
/usr/bin/cmake -E cmake_link_script CMakeFiles/cmTC_ac3df.dir/link.txt --verbose=1
/usr/bin/cc  -ffunction-sections -fdata-sections -fPIC -m64 -DCHECK_FUNCTION_EXISTS=isinf    -rdynamic CMakeFiles/cmTC_ac3df.dir/CheckFunctionExists.c.o  -o cmTC_ac3df 
make[2]: Leaving directory '/media/sf_files/Dal/Code/rnmrfit_dev/src/rnmrfit/target/release/build/nlopt-8949c50758ecf046/out/build/CMakeFiles/CMakeTmp'
make[1]: Leaving directory '/media/sf_files/Dal/Code/rnmrfit_dev/src/rnmrfit/target/release/build/nlopt-8949c50758ecf046/out/build/CMakeFiles/CMakeTmp'



Determining if the function isnan exists passed with the following output:
Change Dir: /media/sf_files/Dal/Code/rnmrfit_dev/src/rnmrfit/target/release/build/nlopt-8949c50758ecf046/out/build/CMakeFiles/CMakeTmp

Run Build Command(s):/usr/bin/make cmTC_e1f4d/fast && make[1]: Entering directory '/media/sf_files/Dal/Code/rnmrfit_dev/src/rnmrfit/target/release/build/nlopt-8949c50758ecf046/out/build/CMakeFiles/CMakeTmp'
make  -f CMakeFiles/cmTC_e1f4d.dir/build.make CMakeFiles/cmTC_e1f4d.dir/build
make[2]: Entering directory '/media/sf_files/Dal/Code/rnmrfit_dev/src/rnmrfit/target/release/build/nlopt-8949c50758ecf046/out/build/CMakeFiles/CMakeTmp'
Building C object CMakeFiles/cmTC_e1f4d.dir/CheckFunctionExists.c.o
/usr/bin/cc   -ffunction-sections -fdata-sections -fPIC -m64 -DCHECK_FUNCTION_EXISTS=isnan   -o CMakeFiles/cmTC_e1f4d.dir/CheckFunctionExists.c.o   -c /usr/share/cmake-3.17/Modules/CheckFunctionExists.c
<command-line>: warning: conflicting types for built-in function isnan; expected int() [-Wbuiltin-declaration-mismatch]
/usr/share/cmake-3.17/Modules/CheckFunctionExists.c:7:3: note: in expansion of macro CHECK_FUNCTION_EXISTS
    7 |   CHECK_FUNCTION_EXISTS(void);
      |   ^~~~~~~~~~~~~~~~~~~~~
/usr/share/cmake-3.17/Modules/CheckFunctionExists.c:1:1: note: isnan is declared in header <math.h>
  +++ |+#include <math.h>
    1 | #ifdef CHECK_FUNCTION_EXISTS
Linking C executable cmTC_e1f4d
/usr/bin/cmake -E cmake_link_script CMakeFiles/cmTC_e1f4d.dir/link.txt --verbose=1
/usr/bin/cc  -ffunction-sections -fdata-sections -fPIC -m64 -DCHECK_FUNCTION_EXISTS=isnan    -rdynamic CMakeFiles/cmTC_e1f4d.dir/CheckFunctionExists.c.o  -o cmTC_e1f4d 
make[2]: Leaving directory '/media/sf_files/Dal/Code/rnmrfit_dev/src/rnmrfit/target/release/build/nlopt-8949c50758ecf046/out/build/CMakeFiles/CMakeTmp'
make[1]: Leaving directory '/media/sf_files/Dal/Code/rnmrfit_dev/src/rnmrfit/target/release/build/nlopt-8949c50758ecf046/out/build/CMakeFiles/CMakeTmp'



Determining if the function gettimeofday exists passed with the following output:
Change Dir: /media/sf_files/Dal/Code/rnmrfit_dev/src/rnmrfit/target/release/build/nlopt-8949c50758ecf046/out/build/CMakeFiles/CMakeTmp

Run Build Command(s):/usr/bin/make cmTC_d4d46/fast && make[1]: Entering directory '/media/sf_files/Dal/Code/rnmrfit_dev/src/rnmrfit/target/release/build/nlopt-8949c50758ecf046/out/build/CMakeFiles/CMakeTmp'
make  -f CMakeFiles/cmTC_d4d46.dir/build.make CMakeFiles/cmTC_d4d46.dir/build
make[2]: Entering directory '/media/sf_files/Dal/Code/rnmrfit_dev/src/rnmrfit/target/release/build/nlopt-8949c50758ecf046/out/build/CMakeFiles/CMakeTmp'
Building C object CMakeFiles/cmTC_d4d46.dir/CheckFunctionExists.c.o
/usr/bin/cc   -ffunction-sections -fdata-sections -fPIC -m64 -DCHECK_FUNCTION_EXISTS=gettimeofday   -o CMakeFiles/cmTC_d4d46.dir/CheckFunctionExists.c.o   -c /usr/share/cmake-3.17/Modules/CheckFunctionExists.c
Linking C executable cmTC_d4d46
/usr/bin/cmake -E cmake_link_script CMakeFiles/cmTC_d4d46.dir/link.txt --verbose=1
/usr/bin/cc  -ffunction-sections -fdata-sections -fPIC -m64 -DCHECK_FUNCTION_EXISTS=gettimeofday    -rdynamic CMakeFiles/cmTC_d4d46.dir/CheckFunctionExists.c.o  -o cmTC_d4d46 
make[2]: Leaving directory '/media/sf_files/Dal/Code/rnmrfit_dev/src/rnmrfit/target/release/build/nlopt-8949c50758ecf046/out/build/CMakeFiles/CMakeTmp'
make[1]: Leaving directory '/media/sf_files/Dal/Code/rnmrfit_dev/src/rnmrfit/target/release/build/nlopt-8949c50758ecf046/out/build/CMakeFiles/CMakeTmp'



Determining if the function qsort_r exists passed with the following output:
Change Dir: /media/sf_files/Dal/Code/rnmrfit_dev/src/rnmrfit/target/release/build/nlopt-8949c50758ecf046/out/build/CMakeFiles/CMakeTmp

Run Build Command(s):/usr/bin/make cmTC_ec640/fast && make[1]: Entering directory '/media/sf_files/Dal/Code/rnmrfit_dev/src/rnmrfit/target/release/build/nlopt-8949c50758ecf046/out/build/CMakeFiles/CMakeTmp'
make  -f CMakeFiles/cmTC_ec640.dir/build.make CMakeFiles/cmTC_ec640.dir/build
make[2]: Entering directory '/media/sf_files/Dal/Code/rnmrfit_dev/src/rnmrfit/target/release/build/nlopt-8949c50758ecf046/out/build/CMakeFiles/CMakeTmp'
Building C object CMakeFiles/cmTC_ec640.dir/CheckFunctionExists.c.o
/usr/bin/cc   -ffunction-sections -fdata-sections -fPIC -m64 -DCHECK_FUNCTION_EXISTS=qsort_r   -o CMakeFiles/cmTC_ec640.dir/CheckFunctionExists.c.o   -c /usr/share/cmake-3.17/Modules/CheckFunctionExists.c
Linking C executable cmTC_ec640
/usr/bin/cmake -E cmake_link_script CMakeFiles/cmTC_ec640.dir/link.txt --verbose=1
/usr/bin/cc  -ffunction-sections -fdata-sections -fPIC -m64 -DCHECK_FUNCTION_EXISTS=qsort_r    -rdynamic CMakeFiles/cmTC_ec640.dir/CheckFunctionExists.c.o  -o cmTC_ec640 
make[2]: Leaving directory '/media/sf_files/Dal/Code/rnmrfit_dev/src/rnmrfit/target/release/build/nlopt-8949c50758ecf046/out/build/CMakeFiles/CMakeTmp'
make[1]: Leaving directory '/media/sf_files/Dal/Code/rnmrfit_dev/src/rnmrfit/target/release/build/nlopt-8949c50758ecf046/out/build/CMakeFiles/CMakeTmp'



Determining if the function time exists passed with the following output:
Change Dir: /media/sf_files/Dal/Code/rnmrfit_dev/src/rnmrfit/target/release/build/nlopt-8949c50758ecf046/out/build/CMakeFiles/CMakeTmp

Run Build Command(s):/usr/bin/make cmTC_762d4/fast && make[1]: Entering directory '/media/sf_files/Dal/Code/rnmrfit_dev/src/rnmrfit/target/release/build/nlopt-8949c50758ecf046/out/build/CMakeFiles/CMakeTmp'
make  -f CMakeFiles/cmTC_762d4.dir/build.make CMakeFiles/cmTC_762d4.dir/build
make[2]: Entering directory '/media/sf_files/Dal/Code/rnmrfit_dev/src/rnmrfit/target/release/build/nlopt-8949c50758ecf046/out/build/CMakeFiles/CMakeTmp'
Building C object CMakeFiles/cmTC_762d4.dir/CheckFunctionExists.c.o
/usr/bin/cc   -ffunction-sections -fdata-sections -fPIC -m64 -DCHECK_FUNCTION_EXISTS=time   -o CMakeFiles/cmTC_762d4.dir/CheckFunctionExists.c.o   -c /usr/share/cmake-3.17/Modules/CheckFunctionExists.c
Linking C executable cmTC_762d4
/usr/bin/cmake -E cmake_link_script CMakeFiles/cmTC_762d4.dir/link.txt --verbose=1
/usr/bin/cc  -ffunction-sections -fdata-sections -fPIC -m64 -DCHECK_FUNCTION_EXISTS=time    -rdynamic CMakeFiles/cmTC_762d4.dir/CheckFunctionExists.c.o  -o cmTC_762d4 
make[2]: Leaving directory '/media/sf_files/Dal/Code/rnmrfit_dev/src/rnmrfit/target/release/build/nlopt-8949c50758ecf046/out/build/CMakeFiles/CMakeTmp'
make[1]: Leaving directory '/media/sf_files/Dal/Code/rnmrfit_dev/src/rnmrfit/target/release/build/nlopt-8949c50758ecf046/out/build/CMakeFiles/CMakeTmp'



Determining if the function copysign exists passed with the following output:
Change Dir: /media/sf_files/Dal/Code/rnmrfit_dev/src/rnmrfit/target/release/build/nlopt-8949c50758ecf046/out/build/CMakeFiles/CMakeTmp

Run Build Command(s):/usr/bin/make cmTC_f4f4c/fast && make[1]: Entering directory '/media/sf_files/Dal/Code/rnmrfit_dev/src/rnmrfit/target/release/build/nlopt-8949c50758ecf046/out/build/CMakeFiles/CMakeTmp'
make  -f CMakeFiles/cmTC_f4f4c.dir/build.make CMakeFiles/cmTC_f4f4c.dir/build
make[2]: Entering directory '/media/sf_files/Dal/Code/rnmrfit_dev/src/rnmrfit/target/release/build/nlopt-8949c50758ecf046/out/build/CMakeFiles/CMakeTmp'
Building C object CMakeFiles/cmTC_f4f4c.dir/CheckFunctionExists.c.o
/usr/bin/cc   -ffunction-sections -fdata-sections -fPIC -m64 -DCHECK_FUNCTION_EXISTS=copysign   -o CMakeFiles/cmTC_f4f4c.dir/CheckFunctionExists.c.o   -c /usr/share/cmake-3.17/Modules/CheckFunctionExists.c
<command-line>: warning: conflicting types for built-in function copysign; expected double(double,  double) [-Wbuiltin-declaration-mismatch]
/usr/share/cmake-3.17/Modules/CheckFunctionExists.c:7:3: note: in expansion of macro CHECK_FUNCTION_EXISTS
    7 |   CHECK_FUNCTION_EXISTS(void);
      |   ^~~~~~~~~~~~~~~~~~~~~
/usr/share/cmake-3.17/Modules/CheckFunctionExists.c:1:1: note: copysign is declared in header <math.h>
  +++ |+#include <math.h>
    1 | #ifdef CHECK_FUNCTION_EXISTS
Linking C executable cmTC_f4f4c
/usr/bin/cmake -E cmake_link_script CMakeFiles/cmTC_f4f4c.dir/link.txt --verbose=1
/usr/bin/cc  -ffunction-sections -fdata-sections -fPIC -m64 -DCHECK_FUNCTION_EXISTS=copysign    -rdynamic CMakeFiles/cmTC_f4f4c.dir/CheckFunctionExists.c.o  -o cmTC_f4f4c 
make[2]: Leaving directory '/media/sf_files/Dal/Code/rnmrfit_dev/src/rnmrfit/target/release/build/nlopt-8949c50758ecf046/out/build/CMakeFiles/CMakeTmp'
make[1]: Leaving directory '/media/sf_files/Dal/Code/rnmrfit_dev/src/rnmrfit/target/release/build/nlopt-8949c50758ecf046/out/build/CMakeFiles/CMakeTmp'



Determining if the include file stddef.h exists passed with the following output:
Change Dir: /media/sf_files/Dal/Code/rnmrfit_dev/src/rnmrfit/target/release/build/nlopt-8949c50758ecf046/out/build/CMakeFiles/CMakeTmp

Run Build Command(s):/usr/bin/make cmTC_61316/fast && make[1]: Entering directory '/media/sf_files/Dal/Code/rnmrfit_dev/src/rnmrfit/target/release/build/nlopt-8949c50758ecf046/out/build/CMakeFiles/CMakeTmp'
make  -f CMakeFiles/cmTC_61316.dir/build.make CMakeFiles/cmTC_61316.dir/build
make[2]: Entering directory '/media/sf_files/Dal/Code/rnmrfit_dev/src/rnmrfit/target/release/build/nlopt-8949c50758ecf046/out/build/CMakeFiles/CMakeTmp'
Building C object CMakeFiles/cmTC_61316.dir/CheckIncludeFile.c.o
/usr/bin/cc   -ffunction-sections -fdata-sections -fPIC -m64    -o CMakeFiles/cmTC_61316.dir/CheckIncludeFile.c.o   -c /media/sf_files/Dal/Code/rnmrfit_dev/src/rnmrfit/target/release/build/nlopt-8949c50758ecf046/out/build/CMakeFiles/CMakeTmp/CheckIncludeFile.c
Linking C executable cmTC_61316
/usr/bin/cmake -E cmake_link_script CMakeFiles/cmTC_61316.dir/link.txt --verbose=1
/usr/bin/cc  -ffunction-sections -fdata-sections -fPIC -m64     -rdynamic CMakeFiles/cmTC_61316.dir/CheckIncludeFile.c.o  -o cmTC_61316 
make[2]: Leaving directory '/media/sf_files/Dal/Code/rnmrfit_dev/src/rnmrfit/target/release/build/nlopt-8949c50758ecf046/out/build/CMakeFiles/CMakeTmp'
make[1]: Leaving directory '/media/sf_files/Dal/Code/rnmrfit_dev/src/rnmrfit/target/release/build/nlopt-8949c50758ecf046/out/build/CMakeFiles/CMakeTmp'



Determining size of uint32_t passed with the following output:
Change Dir: /media/sf_files/Dal/Code/rnmrfit_dev/src/rnmrfit/target/release/build/nlopt-8949c50758ecf046/out/build/CMakeFiles/CMakeTmp

Run Build Command(s):/usr/bin/make cmTC_f0810/fast && make[1]: Entering directory '/media/sf_files/Dal/Code/rnmrfit_dev/src/rnmrfit/target/release/build/nlopt-8949c50758ecf046/out/build/CMakeFiles/CMakeTmp'
make  -f CMakeFiles/cmTC_f0810.dir/build.make CMakeFiles/cmTC_f0810.dir/build
make[2]: Entering directory '/media/sf_files/Dal/Code/rnmrfit_dev/src/rnmrfit/target/release/build/nlopt-8949c50758ecf046/out/build/CMakeFiles/CMakeTmp'
Building C object CMakeFiles/cmTC_f0810.dir/SIZEOF_UINT32_T.c.o
/usr/bin/cc   -ffunction-sections -fdata-sections -fPIC -m64    -o CMakeFiles/cmTC_f0810.dir/SIZEOF_UINT32_T.c.o   -c /media/sf_files/Dal/Code/rnmrfit_dev/src/rnmrfit/target/release/build/nlopt-8949c50758ecf046/out/build/CMakeFiles/CheckTypeSize/SIZEOF_UINT32_T.c
Linking C executable cmTC_f0810
/usr/bin/cmake -E cmake_link_script CMakeFiles/cmTC_f0810.dir/link.txt --verbose=1
/usr/bin/cc  -ffunction-sections -fdata-sections -fPIC -m64     -rdynamic CMakeFiles/cmTC_f0810.dir/SIZEOF_UINT32_T.c.o  -o cmTC_f0810 
make[2]: Leaving directory '/media/sf_files/Dal/Code/rnmrfit_dev/src/rnmrfit/target/release/build/nlopt-8949c50758ecf046/out/build/CMakeFiles/CMakeTmp'
make[1]: Leaving directory '/media/sf_files/Dal/Code/rnmrfit_dev/src/rnmrfit/target/release/build/nlopt-8949c50758ecf046/out/build/CMakeFiles/CMakeTmp'



Determining size of unsigned int passed with the following output:
Change Dir: /media/sf_files/Dal/Code/rnmrfit_dev/src/rnmrfit/target/release/build/nlopt-8949c50758ecf046/out/build/CMakeFiles/CMakeTmp

Run Build Command(s):/usr/bin/make cmTC_d111d/fast && make[1]: Entering directory '/media/sf_files/Dal/Code/rnmrfit_dev/src/rnmrfit/target/release/build/nlopt-8949c50758ecf046/out/build/CMakeFiles/CMakeTmp'
make  -f CMakeFiles/cmTC_d111d.dir/build.make CMakeFiles/cmTC_d111d.dir/build
make[2]: Entering directory '/media/sf_files/Dal/Code/rnmrfit_dev/src/rnmrfit/target/release/build/nlopt-8949c50758ecf046/out/build/CMakeFiles/CMakeTmp'
Building C object CMakeFiles/cmTC_d111d.dir/SIZEOF_UNSIGNED_INT.c.o
/usr/bin/cc   -ffunction-sections -fdata-sections -fPIC -m64    -o CMakeFiles/cmTC_d111d.dir/SIZEOF_UNSIGNED_INT.c.o   -c /media/sf_files/Dal/Code/rnmrfit_dev/src/rnmrfit/target/release/build/nlopt-8949c50758ecf046/out/build/CMakeFiles/CheckTypeSize/SIZEOF_UNSIGNED_INT.c
Linking C executable cmTC_d111d
/usr/bin/cmake -E cmake_link_script CMakeFiles/cmTC_d111d.dir/link.txt --verbose=1
/usr/bin/cc  -ffunction-sections -fdata-sections -fPIC -m64     -rdynamic CMakeFiles/cmTC_d111d.dir/SIZEOF_UNSIGNED_INT.c.o  -o cmTC_d111d 
make[2]: Leaving directory '/media/sf_files/Dal/Code/rnmrfit_dev/src/rnmrfit/target/release/build/nlopt-8949c50758ecf046/out/build/CMakeFiles/CMakeTmp'
make[1]: Leaving directory '/media/sf_files/Dal/Code/rnmrfit_dev/src/rnmrfit/target/release/build/nlopt-8949c50758ecf046/out/build/CMakeFiles/CMakeTmp'



Determining size of unsigned long passed with the following output:
Change Dir: /media/sf_files/Dal/Code/rnmrfit_dev/src/rnmrfit/target/release/build/nlopt-8949c50758ecf046/out/build/CMakeFiles/CMakeTmp

Run Build Command(s):/usr/bin/make cmTC_c4cc1/fast && make[1]: Entering directory '/media/sf_files/Dal/Code/rnmrfit_dev/src/rnmrfit/target/release/build/nlopt-8949c50758ecf046/out/build/CMakeFiles/CMakeTmp'
make  -f CMakeFiles/cmTC_c4cc1.dir/build.make CMakeFiles/cmTC_c4cc1.dir/build
make[2]: Entering directory '/media/sf_files/Dal/Code/rnmrfit_dev/src/rnmrfit/target/release/build/nlopt-8949c50758ecf046/out/build/CMakeFiles/CMakeTmp'
Building C object CMakeFiles/cmTC_c4cc1.dir/SIZEOF_UNSIGNED_LONG.c.o
/usr/bin/cc   -ffunction-sections -fdata-sections -fPIC -m64    -o CMakeFiles/cmTC_c4cc1.dir/SIZEOF_UNSIGNED_LONG.c.o   -c /media/sf_files/Dal/Code/rnmrfit_dev/src/rnmrfit/target/release/build/nlopt-8949c50758ecf046/out/build/CMakeFiles/CheckTypeSize/SIZEOF_UNSIGNED_LONG.c
Linking C executable cmTC_c4cc1
/usr/bin/cmake -E cmake_link_script CMakeFiles/cmTC_c4cc1.dir/link.txt --verbose=1
/usr/bin/cc  -ffunction-sections -fdata-sections -fPIC -m64     -rdynamic CMakeFiles/cmTC_c4cc1.dir/SIZEOF_UNSIGNED_LONG.c.o  -o cmTC_c4cc1 
make[2]: Leaving directory '/media/sf_files/Dal/Code/rnmrfit_dev/src/rnmrfit/target/release/build/nlopt-8949c50758ecf046/out/build/CMakeFiles/CMakeTmp'
make[1]: Leaving directory '/media/sf_files/Dal/Code/rnmrfit_dev/src/rnmrfit/target/release/build/nlopt-8949c50758ecf046/out/build/CMakeFiles/CMakeTmp'



Determining if the function sqrt exists in the m passed with the following output:
Change Dir: /media/sf_files/Dal/Code/rnmrfit_dev/src/rnmrfit/target/release/build/nlopt-8949c50758ecf046/out/build/CMakeFiles/CMakeTmp

Run Build Command(s):/usr/bin/make cmTC_a11ed/fast && make[1]: Entering directory '/media/sf_files/Dal/Code/rnmrfit_dev/src/rnmrfit/target/release/build/nlopt-8949c50758ecf046/out/build/CMakeFiles/CMakeTmp'
make  -f CMakeFiles/cmTC_a11ed.dir/build.make CMakeFiles/cmTC_a11ed.dir/build
make[2]: Entering directory '/media/sf_files/Dal/Code/rnmrfit_dev/src/rnmrfit/target/release/build/nlopt-8949c50758ecf046/out/build/CMakeFiles/CMakeTmp'
Building C object CMakeFiles/cmTC_a11ed.dir/CheckFunctionExists.c.o
/usr/bin/cc   -ffunction-sections -fdata-sections -fPIC -m64 -DCHECK_FUNCTION_EXISTS=sqrt   -o CMakeFiles/cmTC_a11ed.dir/CheckFunctionExists.c.o   -c /usr/share/cmake-3.17/Modules/CheckFunctionExists.c
<command-line>: warning: conflicting types for built-in function sqrt; expected double(double) [-Wbuiltin-declaration-mismatch]
/usr/share/cmake-3.17/Modules/CheckFunctionExists.c:7:3: note: in expansion of macro CHECK_FUNCTION_EXISTS
    7 |   CHECK_FUNCTION_EXISTS(void);
      |   ^~~~~~~~~~~~~~~~~~~~~
/usr/share/cmake-3.17/Modules/CheckFunctionExists.c:1:1: note: sqrt is declared in header <math.h>
  +++ |+#include <math.h>
    1 | #ifdef CHECK_FUNCTION_EXISTS
Linking C executable cmTC_a11ed
/usr/bin/cmake -E cmake_link_script CMakeFiles/cmTC_a11ed.dir/link.txt --verbose=1
/usr/bin/cc  -ffunction-sections -fdata-sections -fPIC -m64 -DCHECK_FUNCTION_EXISTS=sqrt    -rdynamic CMakeFiles/cmTC_a11ed.dir/CheckFunctionExists.c.o  -o cmTC_a11ed  -lm 
make[2]: Leaving directory '/media/sf_files/Dal/Code/rnmrfit_dev/src/rnmrfit/target/release/build/nlopt-8949c50758ecf046/out/build/CMakeFiles/CMakeTmp'
make[1]: Leaving directory '/media/sf_files/Dal/Code/rnmrfit_dev/src/rnmrfit/target/release/build/nlopt-8949c50758ecf046/out/build/CMakeFiles/CMakeTmp'



Performing C SOURCE FILE Test HAVE_THREAD_LOCAL_STORAGE succeeded with the following output:
Change Dir: /media/sf_files/Dal/Code/rnmrfit_dev/src/rnmrfit/target/release/build/nlopt-8949c50758ecf046/out/build/CMakeFiles/CMakeTmp

Run Build Command(s):/usr/bin/make cmTC_07505/fast && make[1]: Entering directory '/media/sf_files/Dal/Code/rnmrfit_dev/src/rnmrfit/target/release/build/nlopt-8949c50758ecf046/out/build/CMakeFiles/CMakeTmp'
make  -f CMakeFiles/cmTC_07505.dir/build.make CMakeFiles/cmTC_07505.dir/build
make[2]: Entering directory '/media/sf_files/Dal/Code/rnmrfit_dev/src/rnmrfit/target/release/build/nlopt-8949c50758ecf046/out/build/CMakeFiles/CMakeTmp'
Building C object CMakeFiles/cmTC_07505.dir/src.c.o
/usr/bin/cc   -ffunction-sections -fdata-sections -fPIC -m64 -DHAVE_THREAD_LOCAL_STORAGE   -o CMakeFiles/cmTC_07505.dir/src.c.o   -c /media/sf_files/Dal/Code/rnmrfit_dev/src/rnmrfit/target/release/build/nlopt-8949c50758ecf046/out/build/CMakeFiles/CMakeTmp/src.c
Linking C executable cmTC_07505
/usr/bin/cmake -E cmake_link_script CMakeFiles/cmTC_07505.dir/link.txt --verbose=1
/usr/bin/cc  -ffunction-sections -fdata-sections -fPIC -m64 -DHAVE_THREAD_LOCAL_STORAGE    -rdynamic CMakeFiles/cmTC_07505.dir/src.c.o  -o cmTC_07505 
make[2]: Leaving directory '/media/sf_files/Dal/Code/rnmrfit_dev/src/rnmrfit/target/release/build/nlopt-8949c50758ecf046/out/build/CMakeFiles/CMakeTmp'
make[1]: Leaving directory '/media/sf_files/Dal/Code/rnmrfit_dev/src/rnmrfit/target/release/build/nlopt-8949c50758ecf046/out/build/CMakeFiles/CMakeTmp'


Source file was:

    __thread int tls;

    int main(void) {
        return 0;
    }
Determining if the __cplusplus exist passed with the following output:
Change Dir: /media/sf_files/Dal/Code/rnmrfit_dev/src/rnmrfit/target/release/build/nlopt-8949c50758ecf046/out/build/CMakeFiles/CMakeTmp

Run Build Command(s):/usr/bin/make cmTC_acc2e/fast && make[1]: Entering directory '/media/sf_files/Dal/Code/rnmrfit_dev/src/rnmrfit/target/release/build/nlopt-8949c50758ecf046/out/build/CMakeFiles/CMakeTmp'
make  -f CMakeFiles/cmTC_acc2e.dir/build.make CMakeFiles/cmTC_acc2e.dir/build
make[2]: Entering directory '/media/sf_files/Dal/Code/rnmrfit_dev/src/rnmrfit/target/release/build/nlopt-8949c50758ecf046/out/build/CMakeFiles/CMakeTmp'
Building CXX object CMakeFiles/cmTC_acc2e.dir/CheckSymbolExists.cxx.o
/usr/bin/c++     -o CMakeFiles/cmTC_acc2e.dir/CheckSymbolExists.cxx.o -c /media/sf_files/Dal/Code/rnmrfit_dev/src/rnmrfit/target/release/build/nlopt-8949c50758ecf046/out/build/CMakeFiles/CMakeTmp/CheckSymbolExists.cxx
Linking CXX executable cmTC_acc2e
/usr/bin/cmake -E cmake_link_script CMakeFiles/cmTC_acc2e.dir/link.txt --verbose=1
/usr/bin/c++       -rdynamic CMakeFiles/cmTC_acc2e.dir/CheckSymbolExists.cxx.o  -o cmTC_acc2e 
make[2]: Leaving directory '/media/sf_files/Dal/Code/rnmrfit_dev/src/rnmrfit/target/release/build/nlopt-8949c50758ecf046/out/build/CMakeFiles/CMakeTmp'
make[1]: Leaving directory '/media/sf_files/Dal/Code/rnmrfit_dev/src/rnmrfit/target/release/build/nlopt-8949c50758ecf046/out/build/CMakeFiles/CMakeTmp'


File /media/sf_files/Dal/Code/rnmrfit_dev/src/rnmrfit/target/release/build/nlopt-8949c50758ecf046/out/build/CMakeFiles/CMakeTmp/CheckSymbolExists.cxx:
/* */
#include <ciso646>

int main(int argc, char** argv)
{
  (void)argv;
#ifndef __cplusplus
  return ((int*)(&__cplusplus))[argc];
#else
  (void)argc;
  return 0;
#endif
}
Performing C++ SOURCE FILE Test SUPPORTS_STDCXX11 succeeded with the following output:
Change Dir: /media/sf_files/Dal/Code/rnmrfit_dev/src/rnmrfit/target/release/build/nlopt-8949c50758ecf046/out/build/CMakeFiles/CMakeTmp

Run Build Command(s):/usr/bin/make cmTC_f0265/fast && make[1]: Entering directory '/media/sf_files/Dal/Code/rnmrfit_dev/src/rnmrfit/target/release/build/nlopt-8949c50758ecf046/out/build/CMakeFiles/CMakeTmp'
make  -f CMakeFiles/cmTC_f0265.dir/build.make CMakeFiles/cmTC_f0265.dir/build
make[2]: Entering directory '/media/sf_files/Dal/Code/rnmrfit_dev/src/rnmrfit/target/release/build/nlopt-8949c50758ecf046/out/build/CMakeFiles/CMakeTmp'
Building CXX object CMakeFiles/cmTC_f0265.dir/src.cxx.o
/usr/bin/c++    -DSUPPORTS_STDCXX11   -std=c++11 -o CMakeFiles/cmTC_f0265.dir/src.cxx.o -c /media/sf_files/Dal/Code/rnmrfit_dev/src/rnmrfit/target/release/build/nlopt-8949c50758ecf046/out/build/CMakeFiles/CMakeTmp/src.cxx
Linking CXX executable cmTC_f0265
/usr/bin/cmake -E cmake_link_script CMakeFiles/cmTC_f0265.dir/link.txt --verbose=1
/usr/bin/c++   -DSUPPORTS_STDCXX11    -rdynamic CMakeFiles/cmTC_f0265.dir/src.cxx.o  -o cmTC_f0265 
make[2]: Leaving directory '/media/sf_files/Dal/Code/rnmrfit_dev/src/rnmrfit/target/release/build/nlopt-8949c50758ecf046/out/build/CMakeFiles/CMakeTmp'
make[1]: Leaving directory '/media/sf_files/Dal/Code/rnmrfit_dev/src/rnmrfit/target/release/build/nlopt-8949c50758ecf046/out/build/CMakeFiles/CMakeTmp'


Source file was:
int main() { return 0; }
Performing C SOURCE FILE Test HAS_FPIC succeeded with the following output:
Change Dir: /media/sf_files/Dal/Code/rnmrfit_dev/src/rnmrfit/target/release/build/nlopt-8949c50758ecf046/out/build/CMakeFiles/CMakeTmp

Run Build Command(s):/usr/bin/make cmTC_544fa/fast && make[1]: Entering directory '/media/sf_files/Dal/Code/rnmrfit_dev/src/rnmrfit/target/release/build/nlopt-8949c50758ecf046/out/build/CMakeFiles/CMakeTmp'
make  -f CMakeFiles/cmTC_544fa.dir/build.make CMakeFiles/cmTC_544fa.dir/build
make[2]: Entering directory '/media/sf_files/Dal/Code/rnmrfit_dev/src/rnmrfit/target/release/build/nlopt-8949c50758ecf046/out/build/CMakeFiles/CMakeTmp'
Building C object CMakeFiles/cmTC_544fa.dir/src.c.o
/usr/bin/cc   -ffunction-sections -fdata-sections -fPIC -m64 -DHAS_FPIC   -fPIC -o CMakeFiles/cmTC_544fa.dir/src.c.o   -c /media/sf_files/Dal/Code/rnmrfit_dev/src/rnmrfit/target/release/build/nlopt-8949c50758ecf046/out/build/CMakeFiles/CMakeTmp/src.c
Linking C executable cmTC_544fa
/usr/bin/cmake -E cmake_link_script CMakeFiles/cmTC_544fa.dir/link.txt --verbose=1
/usr/bin/cc  -ffunction-sections -fdata-sections -fPIC -m64 -DHAS_FPIC    -rdynamic CMakeFiles/cmTC_544fa.dir/src.c.o  -o cmTC_544fa 
make[2]: Leaving directory '/media/sf_files/Dal/Code/rnmrfit_dev/src/rnmrfit/target/release/build/nlopt-8949c50758ecf046/out/build/CMakeFiles/CMakeTmp'
make[1]: Leaving directory '/media/sf_files/Dal/Code/rnmrfit_dev/src/rnmrfit/target/release/build/nlopt-8949c50758ecf046/out/build/CMakeFiles/CMakeTmp'


Source file was:
int main(void) { return 0; }
